Waiting for tasks...
Waiting for tasks...
Waiting for tasks...
Waiting for tasks...
Waiting for tasks...
Waiting for tasks...
Waiting for tasks...
Waiting for tasks...
Waiting for tasks...
Waiting for tasks...
Waiting for tasks...
Waiting for tasks...
Waiting for tasks...
Waiting for tasks...
Waiting for tasks...
Waiting for tasks...
Waiting for tasks...
Waiting for tasks...
Waiting for tasks...
Waiting for tasks...
Waiting for tasks...
Waiting for tasks...
Waiting for tasks...
Waiting for tasks...
Waiting for tasks...
Waiting for tasks...
Waiting for tasks...
Waiting for tasks...
Waiting for tasks...
Waiting for tasks...
Waiting for tasks...
Waiting for tasks...
Waiting for tasks...
Waiting for tasks...
Waiting for tasks...
Waiting for tasks...
Waiting for tasks...
Waiting for tasks...
Waiting for tasks...
Waiting for tasks...
Waiting for tasks...
Waiting for tasks...
Waiting for tasks...
Waiting for tasks...
Waiting for tasks...
Waiting for tasks...
Waiting for tasks...
Waiting for tasks...
Waiting for tasks...
Waiting for tasks...
Waiting for tasks...
Waiting for tasks...
Waiting for tasks...
Waiting for tasks...
Waiting for tasks...
Waiting for tasks...
Waiting for tasks...
Waiting for tasks...
Waiting for tasks...
Waiting for tasks...
Waiting for tasks...
Waiting for tasks...
Waiting for tasks...
Waiting for tasks...
Waiting for tasks...
Waiting for tasks...
Waiting for tasks...
Waiting for tasks...
Waiting for tasks...
Waiting for tasks...
Waiting for tasks...
Waiting for tasks...
Waiting for tasks...
Waiting for tasks...
Waiting for tasks...
Waiting for tasks...
Waiting for tasks...
Waiting for tasks...
Waiting for tasks...
Waiting for tasks...
Waiting for tasks...
Waiting for tasks...
Waiting for tasks...
Waiting for tasks...
Waiting for tasks...
Waiting for tasks...
Waiting for tasks...
Waiting for tasks...
Waiting for tasks...
Waiting for tasks...
Waiting for tasks...
1 [<boto.sqs.message.Message object at 0x7fb40ae119d0>]
1|https://wallpaperscraft.com/image/cat_bottle_down_funny_beer_52474_1920x1080.jpg|http://www.hdwallpapera.com/wp-content/uploads/wallpaper/hdwallpaperscool/wallpapers-074/cute%20cat%20animal%20wide%20high%20definition%20wallpaper%20download%20tabby%20cats%20images%20free.jpg|http://wallpaperbeta.com/wallpaper_mirror/kittens_flowers_basket_animals_hd-wallpaper-336663.jpg|http://wallarthd.com/wp-content/uploads/2014/08/Cats-Twins-Are-Different-Wallpaper-Images.jpg|http://www.freewallpaperfullhd.com/wp-content/uploads/2015/03/wallpapers/cat_26-wallpaper-1920x1080.jpg|http://www.thequotesland.com/wp-content/uploads/2016/03/06-funny-cat-wallpapercat-wallpaper.jpg|http://wall.wallrage.com/wp-content/uploads/Cat-Wallpaper-Free-Download.jpg|http://hdwallpaperia.com/wp-content/uploads/2014/01/Cats-Wallpaper-High-Resolution.jpg|http://thewallpaper.co/wp-content/uploads/2016/03/cute-white-cat-high-definition-wallpaper-desktop-background-images-free-download-wallpaper-amazing-artworks-desktop-images-1920x1080.jpg|https://newevolutiondesigns.com/images/freebies/cat-wallpaper-2.jpg
Storing task (1|https://wallpaperscraft.com/image/cat_bottle_down_funny_beer_52474_1920x1080.jpg|http://www.hdwallpapera.com/wp-content/uploads/wallpaper/hdwallpaperscool/wallpapers-074/cute%20cat%20animal%20wide%20high%20definition%20wallpaper%20download%20tabby%20cats%20images%20free.jpg|http://wallpaperbeta.com/wallpaper_mirror/kittens_flowers_basket_animals_hd-wallpaper-336663.jpg|http://wallarthd.com/wp-content/uploads/2014/08/Cats-Twins-Are-Different-Wallpaper-Images.jpg|http://www.freewallpaperfullhd.com/wp-content/uploads/2015/03/wallpapers/cat_26-wallpaper-1920x1080.jpg|http://www.thequotesland.com/wp-content/uploads/2016/03/06-funny-cat-wallpapercat-wallpaper.jpg|http://wall.wallrage.com/wp-content/uploads/Cat-Wallpaper-Free-Download.jpg|http://hdwallpaperia.com/wp-content/uploads/2014/01/Cats-Wallpaper-High-Resolution.jpg|http://thewallpaper.co/wp-content/uploads/2016/03/cute-white-cat-high-definition-wallpaper-desktop-background-images-free-download-wallpaper-amazing-artworks-desktop-images-1920x1080.jpg|https://newevolutiondesigns.com/images/freebies/cat-wallpaper-2.jpg) into DynamoDB...
Executing task (1|https://wallpaperscraft.com/image/cat_bottle_down_funny_beer_52474_1920x1080.jpg|http://www.hdwallpapera.com/wp-content/uploads/wallpaper/hdwallpaperscool/wallpapers-074/cute%20cat%20animal%20wide%20high%20definition%20wallpaper%20download%20tabby%20cats%20images%20free.jpg|http://wallpaperbeta.com/wallpaper_mirror/kittens_flowers_basket_animals_hd-wallpaper-336663.jpg|http://wallarthd.com/wp-content/uploads/2014/08/Cats-Twins-Are-Different-Wallpaper-Images.jpg|http://www.freewallpaperfullhd.com/wp-content/uploads/2015/03/wallpapers/cat_26-wallpaper-1920x1080.jpg|http://www.thequotesland.com/wp-content/uploads/2016/03/06-funny-cat-wallpapercat-wallpaper.jpg|http://wall.wallrage.com/wp-content/uploads/Cat-Wallpaper-Free-Download.jpg|http://hdwallpaperia.com/wp-content/uploads/2014/01/Cats-Wallpaper-High-Resolution.jpg|http://thewallpaper.co/wp-content/uploads/2016/03/cute-white-cat-high-definition-wallpaper-desktop-background-images-free-download-wallpaper-amazing-artworks-desktop-images-1920x1080.jpg|https://newevolutiondesigns.com/images/freebies/cat-wallpaper-2.jpg)...
11
reading https://wallpaperscraft.com/image/cat_bottle_down_funny_beer_52474_1920x1080.jpg
reading http://www.hdwallpapera.com/wp-content/uploads/wallpaper/hdwallpaperscool/wallpapers-074/cute%20cat%20animal%20wide%20high%20definition%20wallpaper%20download%20tabby%20cats%20images%20free.jpg
reading http://wallpaperbeta.com/wallpaper_mirror/kittens_flowers_basket_animals_hd-wallpaper-336663.jpg
reading http://wallarthd.com/wp-content/uploads/2014/08/Cats-Twins-Are-Different-Wallpaper-Images.jpg
reading http://www.freewallpaperfullhd.com/wp-content/uploads/2015/03/wallpapers/cat_26-wallpaper-1920x1080.jpg
reading http://www.thequotesland.com/wp-content/uploads/2016/03/06-funny-cat-wallpapercat-wallpaper.jpg
reading http://wall.wallrage.com/wp-content/uploads/Cat-Wallpaper-Free-Download.jpg
reading http://hdwallpaperia.com/wp-content/uploads/2014/01/Cats-Wallpaper-High-Resolution.jpg
reading http://thewallpaper.co/wp-content/uploads/2016/03/cute-white-cat-high-definition-wallpaper-desktop-background-images-free-download-wallpaper-amazing-artworks-desktop-images-1920x1080.jpg
reading https://newevolutiondesigns.com/images/freebies/cat-wallpaper-2.jpg
Deleting task (1|https://wallpaperscraft.com/image/cat_bottle_down_funny_beer_52474_1920x1080.jpg|http://www.hdwallpapera.com/wp-content/uploads/wallpaper/hdwallpaperscool/wallpapers-074/cute%20cat%20animal%20wide%20high%20definition%20wallpaper%20download%20tabby%20cats%20images%20free.jpg|http://wallpaperbeta.com/wallpaper_mirror/kittens_flowers_basket_animals_hd-wallpaper-336663.jpg|http://wallarthd.com/wp-content/uploads/2014/08/Cats-Twins-Are-Different-Wallpaper-Images.jpg|http://www.freewallpaperfullhd.com/wp-content/uploads/2015/03/wallpapers/cat_26-wallpaper-1920x1080.jpg|http://www.thequotesland.com/wp-content/uploads/2016/03/06-funny-cat-wallpapercat-wallpaper.jpg|http://wall.wallrage.com/wp-content/uploads/Cat-Wallpaper-Free-Download.jpg|http://hdwallpaperia.com/wp-content/uploads/2014/01/Cats-Wallpaper-High-Resolution.jpg|http://thewallpaper.co/wp-content/uploads/2016/03/cute-white-cat-high-definition-wallpaper-desktop-background-images-free-download-wallpaper-amazing-artworks-desktop-images-1920x1080.jpg|https://newevolutiondesigns.com/images/freebies/cat-wallpaper-2.jpg) from taskQueue...
Generating Video
Command received: ['./videoMaker.sh', '1']
Waiting for tasks...
1 [<boto.sqs.message.Message object at 0x7fb40ae11b50>]
0|https://wallpaperscraft.com/image/cat_bottle_down_funny_beer_52474_1920x1080.jpg|http://www.hdwallpapera.com/wp-content/uploads/wallpaper/hdwallpaperscool/wallpapers-074/cute%20cat%20animal%20wide%20high%20definition%20wallpaper%20download%20tabby%20cats%20images%20free.jpg|http://wallpaperbeta.com/wallpaper_mirror/kittens_flowers_basket_animals_hd-wallpaper-336663.jpg|http://wallarthd.com/wp-content/uploads/2014/08/Cats-Twins-Are-Different-Wallpaper-Images.jpg|http://www.freewallpaperfullhd.com/wp-content/uploads/2015/03/wallpapers/cat_26-wallpaper-1920x1080.jpg|http://www.thequotesland.com/wp-content/uploads/2016/03/06-funny-cat-wallpapercat-wallpaper.jpg|http://wall.wallrage.com/wp-content/uploads/Cat-Wallpaper-Free-Download.jpg|http://hdwallpaperia.com/wp-content/uploads/2014/01/Cats-Wallpaper-High-Resolution.jpg|http://thewallpaper.co/wp-content/uploads/2016/03/cute-white-cat-high-definition-wallpaper-desktop-background-images-free-download-wallpaper-amazing-artworks-desktop-images-1920x1080.jpg|https://newevolutiondesigns.com/images/freebies/cat-wallpaper-2.jpg
Storing task (0|https://wallpaperscraft.com/image/cat_bottle_down_funny_beer_52474_1920x1080.jpg|http://www.hdwallpapera.com/wp-content/uploads/wallpaper/hdwallpaperscool/wallpapers-074/cute%20cat%20animal%20wide%20high%20definition%20wallpaper%20download%20tabby%20cats%20images%20free.jpg|http://wallpaperbeta.com/wallpaper_mirror/kittens_flowers_basket_animals_hd-wallpaper-336663.jpg|http://wallarthd.com/wp-content/uploads/2014/08/Cats-Twins-Are-Different-Wallpaper-Images.jpg|http://www.freewallpaperfullhd.com/wp-content/uploads/2015/03/wallpapers/cat_26-wallpaper-1920x1080.jpg|http://www.thequotesland.com/wp-content/uploads/2016/03/06-funny-cat-wallpapercat-wallpaper.jpg|http://wall.wallrage.com/wp-content/uploads/Cat-Wallpaper-Free-Download.jpg|http://hdwallpaperia.com/wp-content/uploads/2014/01/Cats-Wallpaper-High-Resolution.jpg|http://thewallpaper.co/wp-content/uploads/2016/03/cute-white-cat-high-definition-wallpaper-desktop-background-images-free-download-wallpaper-amazing-artworks-desktop-images-1920x1080.jpg|https://newevolutiondesigns.com/images/freebies/cat-wallpaper-2.jpg) into DynamoDB...
Executing task (0|https://wallpaperscraft.com/image/cat_bottle_down_funny_beer_52474_1920x1080.jpg|http://www.hdwallpapera.com/wp-content/uploads/wallpaper/hdwallpaperscool/wallpapers-074/cute%20cat%20animal%20wide%20high%20definition%20wallpaper%20download%20tabby%20cats%20images%20free.jpg|http://wallpaperbeta.com/wallpaper_mirror/kittens_flowers_basket_animals_hd-wallpaper-336663.jpg|http://wallarthd.com/wp-content/uploads/2014/08/Cats-Twins-Are-Different-Wallpaper-Images.jpg|http://www.freewallpaperfullhd.com/wp-content/uploads/2015/03/wallpapers/cat_26-wallpaper-1920x1080.jpg|http://www.thequotesland.com/wp-content/uploads/2016/03/06-funny-cat-wallpapercat-wallpaper.jpg|http://wall.wallrage.com/wp-content/uploads/Cat-Wallpaper-Free-Download.jpg|http://hdwallpaperia.com/wp-content/uploads/2014/01/Cats-Wallpaper-High-Resolution.jpg|http://thewallpaper.co/wp-content/uploads/2016/03/cute-white-cat-high-definition-wallpaper-desktop-background-images-free-download-wallpaper-amazing-artworks-desktop-images-1920x1080.jpg|https://newevolutiondesigns.com/images/freebies/cat-wallpaper-2.jpg)...
11
reading https://wallpaperscraft.com/image/cat_bottle_down_funny_beer_52474_1920x1080.jpg
reading http://www.hdwallpapera.com/wp-content/uploads/wallpaper/hdwallpaperscool/wallpapers-074/cute%20cat%20animal%20wide%20high%20definition%20wallpaper%20download%20tabby%20cats%20images%20free.jpg
reading http://wallpaperbeta.com/wallpaper_mirror/kittens_flowers_basket_animals_hd-wallpaper-336663.jpg
reading http://wallarthd.com/wp-content/uploads/2014/08/Cats-Twins-Are-Different-Wallpaper-Images.jpg
reading http://www.freewallpaperfullhd.com/wp-content/uploads/2015/03/wallpapers/cat_26-wallpaper-1920x1080.jpg
reading http://www.thequotesland.com/wp-content/uploads/2016/03/06-funny-cat-wallpapercat-wallpaper.jpg
reading http://wall.wallrage.com/wp-content/uploads/Cat-Wallpaper-Free-Download.jpg
reading http://hdwallpaperia.com/wp-content/uploads/2014/01/Cats-Wallpaper-High-Resolution.jpg
reading http://thewallpaper.co/wp-content/uploads/2016/03/cute-white-cat-high-definition-wallpaper-desktop-background-images-free-download-wallpaper-amazing-artworks-desktop-images-1920x1080.jpg
reading https://newevolutiondesigns.com/images/freebies/cat-wallpaper-2.jpg
Deleting task (0|https://wallpaperscraft.com/image/cat_bottle_down_funny_beer_52474_1920x1080.jpg|http://www.hdwallpapera.com/wp-content/uploads/wallpaper/hdwallpaperscool/wallpapers-074/cute%20cat%20animal%20wide%20high%20definition%20wallpaper%20download%20tabby%20cats%20images%20free.jpg|http://wallpaperbeta.com/wallpaper_mirror/kittens_flowers_basket_animals_hd-wallpaper-336663.jpg|http://wallarthd.com/wp-content/uploads/2014/08/Cats-Twins-Are-Different-Wallpaper-Images.jpg|http://www.freewallpaperfullhd.com/wp-content/uploads/2015/03/wallpapers/cat_26-wallpaper-1920x1080.jpg|http://www.thequotesland.com/wp-content/uploads/2016/03/06-funny-cat-wallpapercat-wallpaper.jpg|http://wall.wallrage.com/wp-content/uploads/Cat-Wallpaper-Free-Download.jpg|http://hdwallpaperia.com/wp-content/uploads/2014/01/Cats-Wallpaper-High-Resolution.jpg|http://thewallpaper.co/wp-content/uploads/2016/03/cute-white-cat-high-definition-wallpaper-desktop-background-images-free-download-wallpaper-amazing-artworks-desktop-images-1920x1080.jpg|https://newevolutiondesigns.com/images/freebies/cat-wallpaper-2.jpg) from taskQueue...
Generating Video
Command received: ['./videoMaker.sh', '0']
Uploading Video
Uploading video to S3...
	Sending result (https://smadanak.s3.amazonaws.com/video1.mkv?Signature=Ev%2FONNF4mKqYiH9eGwfAB6G8ODA%3D&Expires=1462012977&AWSAccessKeyId=AKIAJ3HKDS5XX47L7WNA) to resultQueue.

Waiting for tasks...
Waiting for tasks...
1 [<boto.sqs.message.Message object at 0x7fb40ae2cd10>]
2|https://wallpaperscraft.com/image/cat_bottle_down_funny_beer_52474_1920x1080.jpg|http://www.hdwallpapera.com/wp-content/uploads/wallpaper/hdwallpaperscool/wallpapers-074/cute%20cat%20animal%20wide%20high%20definition%20wallpaper%20download%20tabby%20cats%20images%20free.jpg|http://wallpaperbeta.com/wallpaper_mirror/kittens_flowers_basket_animals_hd-wallpaper-336663.jpg|http://wallarthd.com/wp-content/uploads/2014/08/Cats-Twins-Are-Different-Wallpaper-Images.jpg|http://www.freewallpaperfullhd.com/wp-content/uploads/2015/03/wallpapers/cat_26-wallpaper-1920x1080.jpg|http://www.thequotesland.com/wp-content/uploads/2016/03/06-funny-cat-wallpapercat-wallpaper.jpg|http://wall.wallrage.com/wp-content/uploads/Cat-Wallpaper-Free-Download.jpg|http://hdwallpaperia.com/wp-content/uploads/2014/01/Cats-Wallpaper-High-Resolution.jpg|http://thewallpaper.co/wp-content/uploads/2016/03/cute-white-cat-high-definition-wallpaper-desktop-background-images-free-download-wallpaper-amazing-artworks-desktop-images-1920x1080.jpg|https://newevolutiondesigns.com/images/freebies/cat-wallpaper-2.jpg
Storing task (2|https://wallpaperscraft.com/image/cat_bottle_down_funny_beer_52474_1920x1080.jpg|http://www.hdwallpapera.com/wp-content/uploads/wallpaper/hdwallpaperscool/wallpapers-074/cute%20cat%20animal%20wide%20high%20definition%20wallpaper%20download%20tabby%20cats%20images%20free.jpg|http://wallpaperbeta.com/wallpaper_mirror/kittens_flowers_basket_animals_hd-wallpaper-336663.jpg|http://wallarthd.com/wp-content/uploads/2014/08/Cats-Twins-Are-Different-Wallpaper-Images.jpg|http://www.freewallpaperfullhd.com/wp-content/uploads/2015/03/wallpapers/cat_26-wallpaper-1920x1080.jpg|http://www.thequotesland.com/wp-content/uploads/2016/03/06-funny-cat-wallpapercat-wallpaper.jpg|http://wall.wallrage.com/wp-content/uploads/Cat-Wallpaper-Free-Download.jpg|http://hdwallpaperia.com/wp-content/uploads/2014/01/Cats-Wallpaper-High-Resolution.jpg|http://thewallpaper.co/wp-content/uploads/2016/03/cute-white-cat-high-definition-wallpaper-desktop-background-images-free-download-wallpaper-amazing-artworks-desktop-images-1920x1080.jpg|https://newevolutiondesigns.com/images/freebies/cat-wallpaper-2.jpg) into DynamoDB...
Executing task (2|https://wallpaperscraft.com/image/cat_bottle_down_funny_beer_52474_1920x1080.jpg|http://www.hdwallpapera.com/wp-content/uploads/wallpaper/hdwallpaperscool/wallpapers-074/cute%20cat%20animal%20wide%20high%20definition%20wallpaper%20download%20tabby%20cats%20images%20free.jpg|http://wallpaperbeta.com/wallpaper_mirror/kittens_flowers_basket_animals_hd-wallpaper-336663.jpg|http://wallarthd.com/wp-content/uploads/2014/08/Cats-Twins-Are-Different-Wallpaper-Images.jpg|http://www.freewallpaperfullhd.com/wp-content/uploads/2015/03/wallpapers/cat_26-wallpaper-1920x1080.jpg|http://www.thequotesland.com/wp-content/uploads/2016/03/06-funny-cat-wallpapercat-wallpaper.jpg|http://wall.wallrage.com/wp-content/uploads/Cat-Wallpaper-Free-Download.jpg|http://hdwallpaperia.com/wp-content/uploads/2014/01/Cats-Wallpaper-High-Resolution.jpg|http://thewallpaper.co/wp-content/uploads/2016/03/cute-white-cat-high-definition-wallpaper-desktop-background-images-free-download-wallpaper-amazing-artworks-desktop-images-1920x1080.jpg|https://newevolutiondesigns.com/images/freebies/cat-wallpaper-2.jpg)...
11
reading https://wallpaperscraft.com/image/cat_bottle_down_funny_beer_52474_1920x1080.jpg
reading http://www.hdwallpapera.com/wp-content/uploads/wallpaper/hdwallpaperscool/wallpapers-074/cute%20cat%20animal%20wide%20high%20definition%20wallpaper%20download%20tabby%20cats%20images%20free.jpg
reading http://wallpaperbeta.com/wallpaper_mirror/kittens_flowers_basket_animals_hd-wallpaper-336663.jpg
reading http://wallarthd.com/wp-content/uploads/2014/08/Cats-Twins-Are-Different-Wallpaper-Images.jpg
reading http://www.freewallpaperfullhd.com/wp-content/uploads/2015/03/wallpapers/cat_26-wallpaper-1920x1080.jpg
reading http://www.thequotesland.com/wp-content/uploads/2016/03/06-funny-cat-wallpapercat-wallpaper.jpg
reading http://wall.wallrage.com/wp-content/uploads/Cat-Wallpaper-Free-Download.jpg
reading http://hdwallpaperia.com/wp-content/uploads/2014/01/Cats-Wallpaper-High-Resolution.jpg
reading http://thewallpaper.co/wp-content/uploads/2016/03/cute-white-cat-high-definition-wallpaper-desktop-background-images-free-download-wallpaper-amazing-artworks-desktop-images-1920x1080.jpg
reading https://newevolutiondesigns.com/images/freebies/cat-wallpaper-2.jpg
Deleting task (2|https://wallpaperscraft.com/image/cat_bottle_down_funny_beer_52474_1920x1080.jpg|http://www.hdwallpapera.com/wp-content/uploads/wallpaper/hdwallpaperscool/wallpapers-074/cute%20cat%20animal%20wide%20high%20definition%20wallpaper%20download%20tabby%20cats%20images%20free.jpg|http://wallpaperbeta.com/wallpaper_mirror/kittens_flowers_basket_animals_hd-wallpaper-336663.jpg|http://wallarthd.com/wp-content/uploads/2014/08/Cats-Twins-Are-Different-Wallpaper-Images.jpg|http://www.freewallpaperfullhd.com/wp-content/uploads/2015/03/wallpapers/cat_26-wallpaper-1920x1080.jpg|http://www.thequotesland.com/wp-content/uploads/2016/03/06-funny-cat-wallpapercat-wallpaper.jpg|http://wall.wallrage.com/wp-content/uploads/Cat-Wallpaper-Free-Download.jpg|http://hdwallpaperia.com/wp-content/uploads/2014/01/Cats-Wallpaper-High-Resolution.jpg|http://thewallpaper.co/wp-content/uploads/2016/03/cute-white-cat-high-definition-wallpaper-desktop-background-images-free-download-wallpaper-amazing-artworks-desktop-images-1920x1080.jpg|https://newevolutiondesigns.com/images/freebies/cat-wallpaper-2.jpg) from taskQueue...
Generating Video
Command received: ['./videoMaker.sh', '2']
Uploading Video
Uploading video to S3...
	Sending result (https://smadanak.s3.amazonaws.com/video0.mkv?Signature=acJA1LLrtwVE0xpxMHLCqR%2Bt7KM%3D&Expires=1462012980&AWSAccessKeyId=AKIAJ3HKDS5XX47L7WNA) to resultQueue.

Waiting for tasks...
Waiting for tasks...
Waiting for tasks...
Waiting for tasks...
Waiting for tasks...
Waiting for tasks...
Waiting for tasks...
Waiting for tasks...
Waiting for tasks...
Waiting for tasks...
Waiting for tasks...
Waiting for tasks...
Waiting for tasks...
Waiting for tasks...
Waiting for tasks...
Waiting for tasks...
Waiting for tasks...
Waiting for tasks...
Waiting for tasks...
Waiting for tasks...
Waiting for tasks...
Waiting for tasks...
Waiting for tasks...
Waiting for tasks...
Waiting for tasks...
Waiting for tasks...
Waiting for tasks...
Waiting for tasks...
Waiting for tasks...
Waiting for tasks...
Waiting for tasks...
Waiting for tasks...
Uploading Video
Uploading video to S3...
Waiting for tasks...
Waiting for tasks...
Waiting for tasks...
Waiting for tasks...
Waiting for tasks...
Waiting for tasks...
Waiting for tasks...
Waiting for tasks...
	Sending result (https://smadanak.s3.amazonaws.com/video2.mkv?Signature=UCwRhWPM5juWFq%2BVaWATvDkWs2g%3D&Expires=1462012982&AWSAccessKeyId=AKIAJ3HKDS5XX47L7WNA) to resultQueue.

Waiting for tasks...
Waiting for tasks...
Waiting for tasks...
Waiting for tasks...
Waiting for tasks...
Waiting for tasks...
Waiting for tasks...
Waiting for tasks...
Waiting for tasks...
Waiting for tasks...
Waiting for tasks...
Waiting for tasks...
Waiting for tasks...
Waiting for tasks...
Waiting for tasks...
Waiting for tasks...
Waiting for tasks...
Waiting for tasks...
Waiting for tasks...
Waiting for tasks...
Waiting for tasks...
Waiting for tasks...
Waiting for tasks...
Waiting for tasks...
Waiting for tasks...
Waiting for tasks...
Waiting for tasks...
Waiting for tasks...
Waiting for tasks...
Waiting for tasks...
Waiting for tasks...
Waiting for tasks...
Waiting for tasks...
Waiting for tasks...
Waiting for tasks...
Waiting for tasks...
Waiting for tasks...
Waiting for tasks...
Waiting for tasks...
Waiting for tasks...
Waiting for tasks...
Waiting for tasks...
Waiting for tasks...
Waiting for tasks...
Waiting for tasks...
Waiting for tasks...
Waiting for tasks...
Waiting for tasks...
Waiting for tasks...
Waiting for tasks...
Waiting for tasks...
Waiting for tasks...
Waiting for tasks...
Waiting for tasks...
Waiting for tasks...
Waiting for tasks...
Waiting for tasks...
Waiting for tasks...
Waiting for tasks...
Waiting for tasks...
Waiting for tasks...
Waiting for tasks...
Waiting for tasks...
Waiting for tasks...
Waiting for tasks...
Waiting for tasks...
Waiting for tasks...
Waiting for tasks...
Waiting for tasks...
Waiting for tasks...
Waiting for tasks...
Waiting for tasks...
Waiting for tasks...
Waiting for tasks...
Waiting for tasks...
Waiting for tasks...
Waiting for tasks...
Waiting for tasks...
Waiting for tasks...
Waiting for tasks...
Waiting for tasks...
Waiting for tasks...
Waiting for tasks...
Waiting for tasks...
Waiting for tasks...
Waiting for tasks...
