Sending tasks to SQS...
	Sent task 0:sleep 0 to SQS
	Sent task 1:sleep 0 to SQS
	Sent task 2:sleep 0 to SQS
	Sent task 3:sleep 0 to SQS
	Sent task 4:sleep 0 to SQS
	Sent task 5:sleep 0 to SQS
	Sent task 6:sleep 0 to SQS
	Sent task 7:sleep 0 to SQS
	Sent task 8:sleep 0 to SQS
	Sent task 9:sleep 0 to SQS
	Sent task 10:sleep 0 to SQS
	Sent task 11:sleep 0 to SQS
	Sent task 12:sleep 0 to SQS
	Sent task 13:sleep 0 to SQS
	Sent task 14:sleep 0 to SQS
	Sent task 15:sleep 0 to SQS
	Sent task 16:sleep 0 to SQS
	Sent task 17:sleep 0 to SQS
	Sent task 18:sleep 0 to SQS
	Sent task 19:sleep 0 to SQS
	Sent task 20:sleep 0 to SQS
	Sent task 21:sleep 0 to SQS
	Sent task 22:sleep 0 to SQS
	Sent task 23:sleep 0 to SQS
	Sent task 24:sleep 0 to SQS
	Sent task 25:sleep 0 to SQS
	Sent task 26:sleep 0 to SQS
	Sent task 27:sleep 0 to SQS
	Sent task 28:sleep 0 to SQS
	Sent task 29:sleep 0 to SQS
	Sent task 30:sleep 0 to SQS
	Sent task 31:sleep 0 to SQS
	Sent task 32:sleep 0 to SQS
	Sent task 33:sleep 0 to SQS
	Sent task 34:sleep 0 to SQS
	Sent task 35:sleep 0 to SQS
	Sent task 36:sleep 0 to SQS
	Sent task 37:sleep 0 to SQS
	Sent task 38:sleep 0 to SQS
	Sent task 39:sleep 0 to SQS
	Sent task 40:sleep 0 to SQS
	Sent task 41:sleep 0 to SQS
	Sent task 42:sleep 0 to SQS
	Sent task 43:sleep 0 to SQS
	Sent task 44:sleep 0 to SQS
	Sent task 45:sleep 0 to SQS
	Sent task 46:sleep 0 to SQS
	Sent task 47:sleep 0 to SQS
	Sent task 48:sleep 0 to SQS
	Sent task 49:sleep 0 to SQS
	Sent task 50:sleep 0 to SQS
	Sent task 51:sleep 0 to SQS
	Sent task 52:sleep 0 to SQS
	Sent task 53:sleep 0 to SQS
	Sent task 54:sleep 0 to SQS
	Sent task 55:sleep 0 to SQS
	Sent task 56:sleep 0 to SQS
	Sent task 57:sleep 0 to SQS
	Sent task 58:sleep 0 to SQS
	Sent task 59:sleep 0 to SQS
	Sent task 60:sleep 0 to SQS
	Sent task 61:sleep 0 to SQS
	Sent task 62:sleep 0 to SQS
	Sent task 63:sleep 0 to SQS
	Sent task 64:sleep 0 to SQS
	Sent task 65:sleep 0 to SQS
	Sent task 66:sleep 0 to SQS
	Sent task 67:sleep 0 to SQS
	Sent task 68:sleep 0 to SQS
	Sent task 69:sleep 0 to SQS
	Sent task 70:sleep 0 to SQS
	Sent task 71:sleep 0 to SQS
	Sent task 72:sleep 0 to SQS
	Sent task 73:sleep 0 to SQS
	Sent task 74:sleep 0 to SQS
	Sent task 75:sleep 0 to SQS
	Sent task 76:sleep 0 to SQS
	Sent task 77:sleep 0 to SQS
	Sent task 78:sleep 0 to SQS
	Sent task 79:sleep 0 to SQS
	Sent task 80:sleep 0 to SQS
	Sent task 81:sleep 0 to SQS
	Sent task 82:sleep 0 to SQS
	Sent task 83:sleep 0 to SQS
	Sent task 84:sleep 0 to SQS
	Sent task 85:sleep 0 to SQS
	Sent task 86:sleep 0 to SQS
	Sent task 87:sleep 0 to SQS
	Sent task 88:sleep 0 to SQS
	Sent task 89:sleep 0 to SQS
	Sent task 90:sleep 0 to SQS
	Sent task 91:sleep 0 to SQS
	Sent task 92:sleep 0 to SQS
	Sent task 93:sleep 0 to SQS
	Sent task 94:sleep 0 to SQS
	Sent task 95:sleep 0 to SQS
	Sent task 96:sleep 0 to SQS
	Sent task 97:sleep 0 to SQS
	Sent task 98:sleep 0 to SQS
	Sent task 99:sleep 0 to SQS
	Sent task 100:sleep 0 to SQS
	Sent task 101:sleep 0 to SQS
	Sent task 102:sleep 0 to SQS
	Sent task 103:sleep 0 to SQS
	Sent task 104:sleep 0 to SQS
	Sent task 105:sleep 0 to SQS
	Sent task 106:sleep 0 to SQS
	Sent task 107:sleep 0 to SQS
	Sent task 108:sleep 0 to SQS
	Sent task 109:sleep 0 to SQS
	Sent task 110:sleep 0 to SQS
	Sent task 111:sleep 0 to SQS
	Sent task 112:sleep 0 to SQS
	Sent task 113:sleep 0 to SQS
	Sent task 114:sleep 0 to SQS
	Sent task 115:sleep 0 to SQS
	Sent task 116:sleep 0 to SQS
	Sent task 117:sleep 0 to SQS
	Sent task 118:sleep 0 to SQS
	Sent task 119:sleep 0 to SQS
	Sent task 120:sleep 0 to SQS
	Sent task 121:sleep 0 to SQS
	Sent task 122:sleep 0 to SQS
	Sent task 123:sleep 0 to SQS
	Sent task 124:sleep 0 to SQS
	Sent task 125:sleep 0 to SQS
	Sent task 126:sleep 0 to SQS
	Sent task 127:sleep 0 to SQS
	Sent task 128:sleep 0 to SQS
	Sent task 129:sleep 0 to SQS
	Sent task 130:sleep 0 to SQS
	Sent task 131:sleep 0 to SQS
	Sent task 132:sleep 0 to SQS
	Sent task 133:sleep 0 to SQS
	Sent task 134:sleep 0 to SQS
	Sent task 135:sleep 0 to SQS
	Sent task 136:sleep 0 to SQS
	Sent task 137:sleep 0 to SQS
	Sent task 138:sleep 0 to SQS
	Sent task 139:sleep 0 to SQS
	Sent task 140:sleep 0 to SQS
	Sent task 141:sleep 0 to SQS
	Sent task 142:sleep 0 to SQS
	Sent task 143:sleep 0 to SQS
	Sent task 144:sleep 0 to SQS
	Sent task 145:sleep 0 to SQS
	Sent task 146:sleep 0 to SQS
	Sent task 147:sleep 0 to SQS
	Sent task 148:sleep 0 to SQS
	Sent task 149:sleep 0 to SQS
	Sent task 150:sleep 0 to SQS
	Sent task 151:sleep 0 to SQS
	Sent task 152:sleep 0 to SQS
	Sent task 153:sleep 0 to SQS
	Sent task 154:sleep 0 to SQS
	Sent task 155:sleep 0 to SQS
	Sent task 156:sleep 0 to SQS
	Sent task 157:sleep 0 to SQS
	Sent task 158:sleep 0 to SQS
	Sent task 159:sleep 0 to SQS
	Sent task 160:sleep 0 to SQS
	Sent task 161:sleep 0 to SQS
	Sent task 162:sleep 0 to SQS
	Sent task 163:sleep 0 to SQS
	Sent task 164:sleep 0 to SQS
	Sent task 165:sleep 0 to SQS
	Sent task 166:sleep 0 to SQS
	Sent task 167:sleep 0 to SQS
	Sent task 168:sleep 0 to SQS
	Sent task 169:sleep 0 to SQS
	Sent task 170:sleep 0 to SQS
	Sent task 171:sleep 0 to SQS
	Sent task 172:sleep 0 to SQS
	Sent task 173:sleep 0 to SQS
	Sent task 174:sleep 0 to SQS
	Sent task 175:sleep 0 to SQS
	Sent task 176:sleep 0 to SQS
	Sent task 177:sleep 0 to SQS
	Sent task 178:sleep 0 to SQS
	Sent task 179:sleep 0 to SQS
	Sent task 180:sleep 0 to SQS
	Sent task 181:sleep 0 to SQS
	Sent task 182:sleep 0 to SQS
	Sent task 183:sleep 0 to SQS
	Sent task 184:sleep 0 to SQS
	Sent task 185:sleep 0 to SQS
	Sent task 186:sleep 0 to SQS
	Sent task 187:sleep 0 to SQS
	Sent task 188:sleep 0 to SQS
	Sent task 189:sleep 0 to SQS
	Sent task 190:sleep 0 to SQS
	Sent task 191:sleep 0 to SQS
	Sent task 192:sleep 0 to SQS
	Sent task 193:sleep 0 to SQS
	Sent task 194:sleep 0 to SQS
	Sent task 195:sleep 0 to SQS
	Sent task 196:sleep 0 to SQS
	Sent task 197:sleep 0 to SQS
	Sent task 198:sleep 0 to SQS
	Sent task 199:sleep 0 to SQS
	Sent task 200:sleep 0 to SQS
	Sent task 201:sleep 0 to SQS
	Sent task 202:sleep 0 to SQS
	Sent task 203:sleep 0 to SQS
	Sent task 204:sleep 0 to SQS
	Sent task 205:sleep 0 to SQS
	Sent task 206:sleep 0 to SQS
	Sent task 207:sleep 0 to SQS
	Sent task 208:sleep 0 to SQS
	Sent task 209:sleep 0 to SQS
	Sent task 210:sleep 0 to SQS
	Sent task 211:sleep 0 to SQS
	Sent task 212:sleep 0 to SQS
	Sent task 213:sleep 0 to SQS
	Sent task 214:sleep 0 to SQS
	Sent task 215:sleep 0 to SQS
	Sent task 216:sleep 0 to SQS
	Sent task 217:sleep 0 to SQS
	Sent task 218:sleep 0 to SQS
	Sent task 219:sleep 0 to SQS
	Sent task 220:sleep 0 to SQS
	Sent task 221:sleep 0 to SQS
	Sent task 222:sleep 0 to SQS
	Sent task 223:sleep 0 to SQS
	Sent task 224:sleep 0 to SQS
	Sent task 225:sleep 0 to SQS
	Sent task 226:sleep 0 to SQS
	Sent task 227:sleep 0 to SQS
	Sent task 228:sleep 0 to SQS
	Sent task 229:sleep 0 to SQS
	Sent task 230:sleep 0 to SQS
	Sent task 231:sleep 0 to SQS
	Sent task 232:sleep 0 to SQS
	Sent task 233:sleep 0 to SQS
	Sent task 234:sleep 0 to SQS
	Sent task 235:sleep 0 to SQS
	Sent task 236:sleep 0 to SQS
	Sent task 237:sleep 0 to SQS
	Sent task 238:sleep 0 to SQS
	Sent task 239:sleep 0 to SQS
	Sent task 240:sleep 0 to SQS
	Sent task 241:sleep 0 to SQS
	Sent task 242:sleep 0 to SQS
	Sent task 243:sleep 0 to SQS
	Sent task 244:sleep 0 to SQS
	Sent task 245:sleep 0 to SQS
	Sent task 246:sleep 0 to SQS
	Sent task 247:sleep 0 to SQS
	Sent task 248:sleep 0 to SQS
	Sent task 249:sleep 0 to SQS
	Sent task 250:sleep 0 to SQS
	Sent task 251:sleep 0 to SQS
	Sent task 252:sleep 0 to SQS
	Sent task 253:sleep 0 to SQS
	Sent task 254:sleep 0 to SQS
	Sent task 255:sleep 0 to SQS
	Sent task 256:sleep 0 to SQS
	Sent task 257:sleep 0 to SQS
	Sent task 258:sleep 0 to SQS
	Sent task 259:sleep 0 to SQS
	Sent task 260:sleep 0 to SQS
	Sent task 261:sleep 0 to SQS
	Sent task 262:sleep 0 to SQS
	Sent task 263:sleep 0 to SQS
	Sent task 264:sleep 0 to SQS
	Sent task 265:sleep 0 to SQS
	Sent task 266:sleep 0 to SQS
	Sent task 267:sleep 0 to SQS
	Sent task 268:sleep 0 to SQS
	Sent task 269:sleep 0 to SQS
	Sent task 270:sleep 0 to SQS
	Sent task 271:sleep 0 to SQS
	Sent task 272:sleep 0 to SQS
	Sent task 273:sleep 0 to SQS
	Sent task 274:sleep 0 to SQS
	Sent task 275:sleep 0 to SQS
	Sent task 276:sleep 0 to SQS
	Sent task 277:sleep 0 to SQS
	Sent task 278:sleep 0 to SQS
	Sent task 279:sleep 0 to SQS
	Sent task 280:sleep 0 to SQS
	Sent task 281:sleep 0 to SQS
	Sent task 282:sleep 0 to SQS
	Sent task 283:sleep 0 to SQS
	Sent task 284:sleep 0 to SQS
	Sent task 285:sleep 0 to SQS
	Sent task 286:sleep 0 to SQS
	Sent task 287:sleep 0 to SQS
	Sent task 288:sleep 0 to SQS
	Sent task 289:sleep 0 to SQS
	Sent task 290:sleep 0 to SQS
	Sent task 291:sleep 0 to SQS
	Sent task 292:sleep 0 to SQS
	Sent task 293:sleep 0 to SQS
	Sent task 294:sleep 0 to SQS
	Sent task 295:sleep 0 to SQS
	Sent task 296:sleep 0 to SQS
	Sent task 297:sleep 0 to SQS
	Sent task 298:sleep 0 to SQS
	Sent task 299:sleep 0 to SQS
	Sent task 300:sleep 0 to SQS
	Sent task 301:sleep 0 to SQS
	Sent task 302:sleep 0 to SQS
	Sent task 303:sleep 0 to SQS
	Sent task 304:sleep 0 to SQS
	Sent task 305:sleep 0 to SQS
	Sent task 306:sleep 0 to SQS
	Sent task 307:sleep 0 to SQS
	Sent task 308:sleep 0 to SQS
	Sent task 309:sleep 0 to SQS
	Sent task 310:sleep 0 to SQS
	Sent task 311:sleep 0 to SQS
	Sent task 312:sleep 0 to SQS
	Sent task 313:sleep 0 to SQS
	Sent task 314:sleep 0 to SQS
	Sent task 315:sleep 0 to SQS
	Sent task 316:sleep 0 to SQS
	Sent task 317:sleep 0 to SQS
	Sent task 318:sleep 0 to SQS
	Sent task 319:sleep 0 to SQS
	Sent task 320:sleep 0 to SQS
	Sent task 321:sleep 0 to SQS
	Sent task 322:sleep 0 to SQS
	Sent task 323:sleep 0 to SQS
	Sent task 324:sleep 0 to SQS
	Sent task 325:sleep 0 to SQS
	Sent task 326:sleep 0 to SQS
	Sent task 327:sleep 0 to SQS
	Sent task 328:sleep 0 to SQS
	Sent task 329:sleep 0 to SQS
	Sent task 330:sleep 0 to SQS
	Sent task 331:sleep 0 to SQS
	Sent task 332:sleep 0 to SQS
	Sent task 333:sleep 0 to SQS
	Sent task 334:sleep 0 to SQS
	Sent task 335:sleep 0 to SQS
	Sent task 336:sleep 0 to SQS
	Sent task 337:sleep 0 to SQS
	Sent task 338:sleep 0 to SQS
	Sent task 339:sleep 0 to SQS
	Sent task 340:sleep 0 to SQS
	Sent task 341:sleep 0 to SQS
	Sent task 342:sleep 0 to SQS
	Sent task 343:sleep 0 to SQS
	Sent task 344:sleep 0 to SQS
	Sent task 345:sleep 0 to SQS
	Sent task 346:sleep 0 to SQS
	Sent task 347:sleep 0 to SQS
	Sent task 348:sleep 0 to SQS
	Sent task 349:sleep 0 to SQS
	Sent task 350:sleep 0 to SQS
	Sent task 351:sleep 0 to SQS
	Sent task 352:sleep 0 to SQS
	Sent task 353:sleep 0 to SQS
	Sent task 354:sleep 0 to SQS
	Sent task 355:sleep 0 to SQS
	Sent task 356:sleep 0 to SQS
	Sent task 357:sleep 0 to SQS
	Sent task 358:sleep 0 to SQS
	Sent task 359:sleep 0 to SQS
	Sent task 360:sleep 0 to SQS
	Sent task 361:sleep 0 to SQS
	Sent task 362:sleep 0 to SQS
	Sent task 363:sleep 0 to SQS
	Sent task 364:sleep 0 to SQS
	Sent task 365:sleep 0 to SQS
	Sent task 366:sleep 0 to SQS
	Sent task 367:sleep 0 to SQS
	Sent task 368:sleep 0 to SQS
	Sent task 369:sleep 0 to SQS
	Sent task 370:sleep 0 to SQS
	Sent task 371:sleep 0 to SQS
	Sent task 372:sleep 0 to SQS
	Sent task 373:sleep 0 to SQS
	Sent task 374:sleep 0 to SQS
	Sent task 375:sleep 0 to SQS
	Sent task 376:sleep 0 to SQS
	Sent task 377:sleep 0 to SQS
	Sent task 378:sleep 0 to SQS
	Sent task 379:sleep 0 to SQS
	Sent task 380:sleep 0 to SQS
	Sent task 381:sleep 0 to SQS
	Sent task 382:sleep 0 to SQS
	Sent task 383:sleep 0 to SQS
	Sent task 384:sleep 0 to SQS
	Sent task 385:sleep 0 to SQS
	Sent task 386:sleep 0 to SQS
	Sent task 387:sleep 0 to SQS
	Sent task 388:sleep 0 to SQS
	Sent task 389:sleep 0 to SQS
	Sent task 390:sleep 0 to SQS
	Sent task 391:sleep 0 to SQS
	Sent task 392:sleep 0 to SQS
	Sent task 393:sleep 0 to SQS
	Sent task 394:sleep 0 to SQS
	Sent task 395:sleep 0 to SQS
	Sent task 396:sleep 0 to SQS
	Sent task 397:sleep 0 to SQS
	Sent task 398:sleep 0 to SQS
	Sent task 399:sleep 0 to SQS
	Sent task 400:sleep 0 to SQS
	Sent task 401:sleep 0 to SQS
	Sent task 402:sleep 0 to SQS
	Sent task 403:sleep 0 to SQS
	Sent task 404:sleep 0 to SQS
	Sent task 405:sleep 0 to SQS
	Sent task 406:sleep 0 to SQS
	Sent task 407:sleep 0 to SQS
	Sent task 408:sleep 0 to SQS
	Sent task 409:sleep 0 to SQS
	Sent task 410:sleep 0 to SQS
	Sent task 411:sleep 0 to SQS
	Sent task 412:sleep 0 to SQS
	Sent task 413:sleep 0 to SQS
	Sent task 414:sleep 0 to SQS
	Sent task 415:sleep 0 to SQS
	Sent task 416:sleep 0 to SQS
	Sent task 417:sleep 0 to SQS
	Sent task 418:sleep 0 to SQS
	Sent task 419:sleep 0 to SQS
	Sent task 420:sleep 0 to SQS
	Sent task 421:sleep 0 to SQS
	Sent task 422:sleep 0 to SQS
	Sent task 423:sleep 0 to SQS
	Sent task 424:sleep 0 to SQS
	Sent task 425:sleep 0 to SQS
	Sent task 426:sleep 0 to SQS
	Sent task 427:sleep 0 to SQS
	Sent task 428:sleep 0 to SQS
	Sent task 429:sleep 0 to SQS
	Sent task 430:sleep 0 to SQS
	Sent task 431:sleep 0 to SQS
	Sent task 432:sleep 0 to SQS
	Sent task 433:sleep 0 to SQS
	Sent task 434:sleep 0 to SQS
	Sent task 435:sleep 0 to SQS
	Sent task 436:sleep 0 to SQS
	Sent task 437:sleep 0 to SQS
	Sent task 438:sleep 0 to SQS
	Sent task 439:sleep 0 to SQS
	Sent task 440:sleep 0 to SQS
	Sent task 441:sleep 0 to SQS
	Sent task 442:sleep 0 to SQS
	Sent task 443:sleep 0 to SQS
	Sent task 444:sleep 0 to SQS
	Sent task 445:sleep 0 to SQS
	Sent task 446:sleep 0 to SQS
	Sent task 447:sleep 0 to SQS
	Sent task 448:sleep 0 to SQS
	Sent task 449:sleep 0 to SQS
	Sent task 450:sleep 0 to SQS
	Sent task 451:sleep 0 to SQS
	Sent task 452:sleep 0 to SQS
	Sent task 453:sleep 0 to SQS
	Sent task 454:sleep 0 to SQS
	Sent task 455:sleep 0 to SQS
	Sent task 456:sleep 0 to SQS
	Sent task 457:sleep 0 to SQS
	Sent task 458:sleep 0 to SQS
	Sent task 459:sleep 0 to SQS
	Sent task 460:sleep 0 to SQS
	Sent task 461:sleep 0 to SQS
	Sent task 462:sleep 0 to SQS
	Sent task 463:sleep 0 to SQS
	Sent task 464:sleep 0 to SQS
	Sent task 465:sleep 0 to SQS
	Sent task 466:sleep 0 to SQS
	Sent task 467:sleep 0 to SQS
	Sent task 468:sleep 0 to SQS
	Sent task 469:sleep 0 to SQS
	Sent task 470:sleep 0 to SQS
	Sent task 471:sleep 0 to SQS
	Sent task 472:sleep 0 to SQS
	Sent task 473:sleep 0 to SQS
	Sent task 474:sleep 0 to SQS
	Sent task 475:sleep 0 to SQS
	Sent task 476:sleep 0 to SQS
	Sent task 477:sleep 0 to SQS
	Sent task 478:sleep 0 to SQS
	Sent task 479:sleep 0 to SQS
	Sent task 480:sleep 0 to SQS
	Sent task 481:sleep 0 to SQS
	Sent task 482:sleep 0 to SQS
	Sent task 483:sleep 0 to SQS
	Sent task 484:sleep 0 to SQS
	Sent task 485:sleep 0 to SQS
	Sent task 486:sleep 0 to SQS
	Sent task 487:sleep 0 to SQS
	Sent task 488:sleep 0 to SQS
	Sent task 489:sleep 0 to SQS
	Sent task 490:sleep 0 to SQS
	Sent task 491:sleep 0 to SQS
	Sent task 492:sleep 0 to SQS
	Sent task 493:sleep 0 to SQS
	Sent task 494:sleep 0 to SQS
	Sent task 495:sleep 0 to SQS
	Sent task 496:sleep 0 to SQS
	Sent task 497:sleep 0 to SQS
	Sent task 498:sleep 0 to SQS
	Sent task 499:sleep 0 to SQS
	Sent task 500:sleep 0 to SQS
	Sent task 501:sleep 0 to SQS
	Sent task 502:sleep 0 to SQS
	Sent task 503:sleep 0 to SQS
	Sent task 504:sleep 0 to SQS
	Sent task 505:sleep 0 to SQS
	Sent task 506:sleep 0 to SQS
	Sent task 507:sleep 0 to SQS
	Sent task 508:sleep 0 to SQS
	Sent task 509:sleep 0 to SQS
	Sent task 510:sleep 0 to SQS
	Sent task 511:sleep 0 to SQS
	Sent task 512:sleep 0 to SQS
	Sent task 513:sleep 0 to SQS
	Sent task 514:sleep 0 to SQS
	Sent task 515:sleep 0 to SQS
	Sent task 516:sleep 0 to SQS
	Sent task 517:sleep 0 to SQS
	Sent task 518:sleep 0 to SQS
	Sent task 519:sleep 0 to SQS
	Sent task 520:sleep 0 to SQS
	Sent task 521:sleep 0 to SQS
	Sent task 522:sleep 0 to SQS
	Sent task 523:sleep 0 to SQS
	Sent task 524:sleep 0 to SQS
	Sent task 525:sleep 0 to SQS
	Sent task 526:sleep 0 to SQS
	Sent task 527:sleep 0 to SQS
	Sent task 528:sleep 0 to SQS
	Sent task 529:sleep 0 to SQS
	Sent task 530:sleep 0 to SQS
	Sent task 531:sleep 0 to SQS
	Sent task 532:sleep 0 to SQS
	Sent task 533:sleep 0 to SQS
	Sent task 534:sleep 0 to SQS
	Sent task 535:sleep 0 to SQS
	Sent task 536:sleep 0 to SQS
	Sent task 537:sleep 0 to SQS
	Sent task 538:sleep 0 to SQS
	Sent task 539:sleep 0 to SQS
	Sent task 540:sleep 0 to SQS
	Sent task 541:sleep 0 to SQS
	Sent task 542:sleep 0 to SQS
	Sent task 543:sleep 0 to SQS
	Sent task 544:sleep 0 to SQS
	Sent task 545:sleep 0 to SQS
	Sent task 546:sleep 0 to SQS
	Sent task 547:sleep 0 to SQS
	Sent task 548:sleep 0 to SQS
	Sent task 549:sleep 0 to SQS
	Sent task 550:sleep 0 to SQS
	Sent task 551:sleep 0 to SQS
	Sent task 552:sleep 0 to SQS
	Sent task 553:sleep 0 to SQS
	Sent task 554:sleep 0 to SQS
	Sent task 555:sleep 0 to SQS
	Sent task 556:sleep 0 to SQS
	Sent task 557:sleep 0 to SQS
	Sent task 558:sleep 0 to SQS
	Sent task 559:sleep 0 to SQS
	Sent task 560:sleep 0 to SQS
	Sent task 561:sleep 0 to SQS
	Sent task 562:sleep 0 to SQS
	Sent task 563:sleep 0 to SQS
	Sent task 564:sleep 0 to SQS
	Sent task 565:sleep 0 to SQS
	Sent task 566:sleep 0 to SQS
	Sent task 567:sleep 0 to SQS
	Sent task 568:sleep 0 to SQS
	Sent task 569:sleep 0 to SQS
	Sent task 570:sleep 0 to SQS
	Sent task 571:sleep 0 to SQS
	Sent task 572:sleep 0 to SQS
	Sent task 573:sleep 0 to SQS
	Sent task 574:sleep 0 to SQS
	Sent task 575:sleep 0 to SQS
	Sent task 576:sleep 0 to SQS
	Sent task 577:sleep 0 to SQS
	Sent task 578:sleep 0 to SQS
	Sent task 579:sleep 0 to SQS
	Sent task 580:sleep 0 to SQS
	Sent task 581:sleep 0 to SQS
	Sent task 582:sleep 0 to SQS
	Sent task 583:sleep 0 to SQS
	Sent task 584:sleep 0 to SQS
	Sent task 585:sleep 0 to SQS
	Sent task 586:sleep 0 to SQS
	Sent task 587:sleep 0 to SQS
	Sent task 588:sleep 0 to SQS
	Sent task 589:sleep 0 to SQS
	Sent task 590:sleep 0 to SQS
	Sent task 591:sleep 0 to SQS
	Sent task 592:sleep 0 to SQS
	Sent task 593:sleep 0 to SQS
	Sent task 594:sleep 0 to SQS
	Sent task 595:sleep 0 to SQS
	Sent task 596:sleep 0 to SQS
	Sent task 597:sleep 0 to SQS
	Sent task 598:sleep 0 to SQS
	Sent task 599:sleep 0 to SQS
	Sent task 600:sleep 0 to SQS
	Sent task 601:sleep 0 to SQS
	Sent task 602:sleep 0 to SQS
	Sent task 603:sleep 0 to SQS
	Sent task 604:sleep 0 to SQS
	Sent task 605:sleep 0 to SQS
	Sent task 606:sleep 0 to SQS
	Sent task 607:sleep 0 to SQS
	Sent task 608:sleep 0 to SQS
	Sent task 609:sleep 0 to SQS
	Sent task 610:sleep 0 to SQS
	Sent task 611:sleep 0 to SQS
	Sent task 612:sleep 0 to SQS
	Sent task 613:sleep 0 to SQS
	Sent task 614:sleep 0 to SQS
	Sent task 615:sleep 0 to SQS
	Sent task 616:sleep 0 to SQS
	Sent task 617:sleep 0 to SQS
	Sent task 618:sleep 0 to SQS
	Sent task 619:sleep 0 to SQS
	Sent task 620:sleep 0 to SQS
	Sent task 621:sleep 0 to SQS
	Sent task 622:sleep 0 to SQS
	Sent task 623:sleep 0 to SQS
	Sent task 624:sleep 0 to SQS
	Sent task 625:sleep 0 to SQS
	Sent task 626:sleep 0 to SQS
	Sent task 627:sleep 0 to SQS
	Sent task 628:sleep 0 to SQS
	Sent task 629:sleep 0 to SQS
	Sent task 630:sleep 0 to SQS
	Sent task 631:sleep 0 to SQS
	Sent task 632:sleep 0 to SQS
	Sent task 633:sleep 0 to SQS
	Sent task 634:sleep 0 to SQS
	Sent task 635:sleep 0 to SQS
	Sent task 636:sleep 0 to SQS
	Sent task 637:sleep 0 to SQS
	Sent task 638:sleep 0 to SQS
	Sent task 639:sleep 0 to SQS
	Sent task 640:sleep 0 to SQS
	Sent task 641:sleep 0 to SQS
	Sent task 642:sleep 0 to SQS
	Sent task 643:sleep 0 to SQS
	Sent task 644:sleep 0 to SQS
	Sent task 645:sleep 0 to SQS
	Sent task 646:sleep 0 to SQS
	Sent task 647:sleep 0 to SQS
	Sent task 648:sleep 0 to SQS
	Sent task 649:sleep 0 to SQS
	Sent task 650:sleep 0 to SQS
	Sent task 651:sleep 0 to SQS
	Sent task 652:sleep 0 to SQS
	Sent task 653:sleep 0 to SQS
	Sent task 654:sleep 0 to SQS
	Sent task 655:sleep 0 to SQS
	Sent task 656:sleep 0 to SQS
	Sent task 657:sleep 0 to SQS
	Sent task 658:sleep 0 to SQS
	Sent task 659:sleep 0 to SQS
	Sent task 660:sleep 0 to SQS
	Sent task 661:sleep 0 to SQS
	Sent task 662:sleep 0 to SQS
	Sent task 663:sleep 0 to SQS
	Sent task 664:sleep 0 to SQS
	Sent task 665:sleep 0 to SQS
	Sent task 666:sleep 0 to SQS
	Sent task 667:sleep 0 to SQS
	Sent task 668:sleep 0 to SQS
	Sent task 669:sleep 0 to SQS
	Sent task 670:sleep 0 to SQS
	Sent task 671:sleep 0 to SQS
	Sent task 672:sleep 0 to SQS
	Sent task 673:sleep 0 to SQS
	Sent task 674:sleep 0 to SQS
	Sent task 675:sleep 0 to SQS
	Sent task 676:sleep 0 to SQS
	Sent task 677:sleep 0 to SQS
	Sent task 678:sleep 0 to SQS
	Sent task 679:sleep 0 to SQS
	Sent task 680:sleep 0 to SQS
	Sent task 681:sleep 0 to SQS
	Sent task 682:sleep 0 to SQS
	Sent task 683:sleep 0 to SQS
	Sent task 684:sleep 0 to SQS
	Sent task 685:sleep 0 to SQS
	Sent task 686:sleep 0 to SQS
	Sent task 687:sleep 0 to SQS
	Sent task 688:sleep 0 to SQS
	Sent task 689:sleep 0 to SQS
	Sent task 690:sleep 0 to SQS
	Sent task 691:sleep 0 to SQS
	Sent task 692:sleep 0 to SQS
	Sent task 693:sleep 0 to SQS
	Sent task 694:sleep 0 to SQS
	Sent task 695:sleep 0 to SQS
	Sent task 696:sleep 0 to SQS
	Sent task 697:sleep 0 to SQS
	Sent task 698:sleep 0 to SQS
	Sent task 699:sleep 0 to SQS
	Sent task 700:sleep 0 to SQS
	Sent task 701:sleep 0 to SQS
	Sent task 702:sleep 0 to SQS
	Sent task 703:sleep 0 to SQS
	Sent task 704:sleep 0 to SQS
	Sent task 705:sleep 0 to SQS
	Sent task 706:sleep 0 to SQS
	Sent task 707:sleep 0 to SQS
	Sent task 708:sleep 0 to SQS
	Sent task 709:sleep 0 to SQS
	Sent task 710:sleep 0 to SQS
	Sent task 711:sleep 0 to SQS
	Sent task 712:sleep 0 to SQS
	Sent task 713:sleep 0 to SQS
	Sent task 714:sleep 0 to SQS
	Sent task 715:sleep 0 to SQS
	Sent task 716:sleep 0 to SQS
	Sent task 717:sleep 0 to SQS
	Sent task 718:sleep 0 to SQS
	Sent task 719:sleep 0 to SQS
	Sent task 720:sleep 0 to SQS
	Sent task 721:sleep 0 to SQS
	Sent task 722:sleep 0 to SQS
	Sent task 723:sleep 0 to SQS
	Sent task 724:sleep 0 to SQS
	Sent task 725:sleep 0 to SQS
	Sent task 726:sleep 0 to SQS
	Sent task 727:sleep 0 to SQS
	Sent task 728:sleep 0 to SQS
	Sent task 729:sleep 0 to SQS
	Sent task 730:sleep 0 to SQS
	Sent task 731:sleep 0 to SQS
	Sent task 732:sleep 0 to SQS
	Sent task 733:sleep 0 to SQS
	Sent task 734:sleep 0 to SQS
	Sent task 735:sleep 0 to SQS
	Sent task 736:sleep 0 to SQS
	Sent task 737:sleep 0 to SQS
	Sent task 738:sleep 0 to SQS
	Sent task 739:sleep 0 to SQS
	Sent task 740:sleep 0 to SQS
	Sent task 741:sleep 0 to SQS
	Sent task 742:sleep 0 to SQS
	Sent task 743:sleep 0 to SQS
	Sent task 744:sleep 0 to SQS
	Sent task 745:sleep 0 to SQS
	Sent task 746:sleep 0 to SQS
	Sent task 747:sleep 0 to SQS
	Sent task 748:sleep 0 to SQS
	Sent task 749:sleep 0 to SQS
	Sent task 750:sleep 0 to SQS
	Sent task 751:sleep 0 to SQS
	Sent task 752:sleep 0 to SQS
	Sent task 753:sleep 0 to SQS
	Sent task 754:sleep 0 to SQS
	Sent task 755:sleep 0 to SQS
	Sent task 756:sleep 0 to SQS
	Sent task 757:sleep 0 to SQS
	Sent task 758:sleep 0 to SQS
	Sent task 759:sleep 0 to SQS
	Sent task 760:sleep 0 to SQS
	Sent task 761:sleep 0 to SQS
	Sent task 762:sleep 0 to SQS
	Sent task 763:sleep 0 to SQS
	Sent task 764:sleep 0 to SQS
	Sent task 765:sleep 0 to SQS
	Sent task 766:sleep 0 to SQS
	Sent task 767:sleep 0 to SQS
	Sent task 768:sleep 0 to SQS
	Sent task 769:sleep 0 to SQS
	Sent task 770:sleep 0 to SQS
	Sent task 771:sleep 0 to SQS
	Sent task 772:sleep 0 to SQS
	Sent task 773:sleep 0 to SQS
	Sent task 774:sleep 0 to SQS
	Sent task 775:sleep 0 to SQS
	Sent task 776:sleep 0 to SQS
	Sent task 777:sleep 0 to SQS
	Sent task 778:sleep 0 to SQS
	Sent task 779:sleep 0 to SQS
	Sent task 780:sleep 0 to SQS
	Sent task 781:sleep 0 to SQS
	Sent task 782:sleep 0 to SQS
	Sent task 783:sleep 0 to SQS
	Sent task 784:sleep 0 to SQS
	Sent task 785:sleep 0 to SQS
	Sent task 786:sleep 0 to SQS
	Sent task 787:sleep 0 to SQS
	Sent task 788:sleep 0 to SQS
	Sent task 789:sleep 0 to SQS
	Sent task 790:sleep 0 to SQS
	Sent task 791:sleep 0 to SQS
	Sent task 792:sleep 0 to SQS
	Sent task 793:sleep 0 to SQS
	Sent task 794:sleep 0 to SQS
	Sent task 795:sleep 0 to SQS
	Sent task 796:sleep 0 to SQS
	Sent task 797:sleep 0 to SQS
	Sent task 798:sleep 0 to SQS
	Sent task 799:sleep 0 to SQS
	Sent task 800:sleep 0 to SQS
	Sent task 801:sleep 0 to SQS
	Sent task 802:sleep 0 to SQS
	Sent task 803:sleep 0 to SQS
	Sent task 804:sleep 0 to SQS
	Sent task 805:sleep 0 to SQS
	Sent task 806:sleep 0 to SQS
	Sent task 807:sleep 0 to SQS
	Sent task 808:sleep 0 to SQS
	Sent task 809:sleep 0 to SQS
	Sent task 810:sleep 0 to SQS
	Sent task 811:sleep 0 to SQS
	Sent task 812:sleep 0 to SQS
	Sent task 813:sleep 0 to SQS
	Sent task 814:sleep 0 to SQS
	Sent task 815:sleep 0 to SQS
	Sent task 816:sleep 0 to SQS
	Sent task 817:sleep 0 to SQS
	Sent task 818:sleep 0 to SQS
	Sent task 819:sleep 0 to SQS
	Sent task 820:sleep 0 to SQS
	Sent task 821:sleep 0 to SQS
	Sent task 822:sleep 0 to SQS
	Sent task 823:sleep 0 to SQS
	Sent task 824:sleep 0 to SQS
	Sent task 825:sleep 0 to SQS
	Sent task 826:sleep 0 to SQS
	Sent task 827:sleep 0 to SQS
	Sent task 828:sleep 0 to SQS
	Sent task 829:sleep 0 to SQS
	Sent task 830:sleep 0 to SQS
	Sent task 831:sleep 0 to SQS
	Sent task 832:sleep 0 to SQS
	Sent task 833:sleep 0 to SQS
	Sent task 834:sleep 0 to SQS
	Sent task 835:sleep 0 to SQS
	Sent task 836:sleep 0 to SQS
	Sent task 837:sleep 0 to SQS
	Sent task 838:sleep 0 to SQS
	Sent task 839:sleep 0 to SQS
	Sent task 840:sleep 0 to SQS
	Sent task 841:sleep 0 to SQS
	Sent task 842:sleep 0 to SQS
	Sent task 843:sleep 0 to SQS
	Sent task 844:sleep 0 to SQS
	Sent task 845:sleep 0 to SQS
	Sent task 846:sleep 0 to SQS
	Sent task 847:sleep 0 to SQS
	Sent task 848:sleep 0 to SQS
	Sent task 849:sleep 0 to SQS
	Sent task 850:sleep 0 to SQS
	Sent task 851:sleep 0 to SQS
	Sent task 852:sleep 0 to SQS
	Sent task 853:sleep 0 to SQS
	Sent task 854:sleep 0 to SQS
	Sent task 855:sleep 0 to SQS
	Sent task 856:sleep 0 to SQS
	Sent task 857:sleep 0 to SQS
	Sent task 858:sleep 0 to SQS
	Sent task 859:sleep 0 to SQS
	Sent task 860:sleep 0 to SQS
	Sent task 861:sleep 0 to SQS
	Sent task 862:sleep 0 to SQS
	Sent task 863:sleep 0 to SQS
	Sent task 864:sleep 0 to SQS
	Sent task 865:sleep 0 to SQS
	Sent task 866:sleep 0 to SQS
	Sent task 867:sleep 0 to SQS
	Sent task 868:sleep 0 to SQS
	Sent task 869:sleep 0 to SQS
	Sent task 870:sleep 0 to SQS
	Sent task 871:sleep 0 to SQS
	Sent task 872:sleep 0 to SQS
	Sent task 873:sleep 0 to SQS
	Sent task 874:sleep 0 to SQS
	Sent task 875:sleep 0 to SQS
	Sent task 876:sleep 0 to SQS
	Sent task 877:sleep 0 to SQS
	Sent task 878:sleep 0 to SQS
	Sent task 879:sleep 0 to SQS
	Sent task 880:sleep 0 to SQS
	Sent task 881:sleep 0 to SQS
	Sent task 882:sleep 0 to SQS
	Sent task 883:sleep 0 to SQS
	Sent task 884:sleep 0 to SQS
	Sent task 885:sleep 0 to SQS
	Sent task 886:sleep 0 to SQS
	Sent task 887:sleep 0 to SQS
	Sent task 888:sleep 0 to SQS
	Sent task 889:sleep 0 to SQS
	Sent task 890:sleep 0 to SQS
	Sent task 891:sleep 0 to SQS
	Sent task 892:sleep 0 to SQS
	Sent task 893:sleep 0 to SQS
	Sent task 894:sleep 0 to SQS
	Sent task 895:sleep 0 to SQS
	Sent task 896:sleep 0 to SQS
	Sent task 897:sleep 0 to SQS
	Sent task 898:sleep 0 to SQS
	Sent task 899:sleep 0 to SQS
	Sent task 900:sleep 0 to SQS
	Sent task 901:sleep 0 to SQS
	Sent task 902:sleep 0 to SQS
	Sent task 903:sleep 0 to SQS
	Sent task 904:sleep 0 to SQS
	Sent task 905:sleep 0 to SQS
	Sent task 906:sleep 0 to SQS
	Sent task 907:sleep 0 to SQS
	Sent task 908:sleep 0 to SQS
	Sent task 909:sleep 0 to SQS
	Sent task 910:sleep 0 to SQS
	Sent task 911:sleep 0 to SQS
	Sent task 912:sleep 0 to SQS
	Sent task 913:sleep 0 to SQS
	Sent task 914:sleep 0 to SQS
	Sent task 915:sleep 0 to SQS
	Sent task 916:sleep 0 to SQS
	Sent task 917:sleep 0 to SQS
	Sent task 918:sleep 0 to SQS
	Sent task 919:sleep 0 to SQS
	Sent task 920:sleep 0 to SQS
	Sent task 921:sleep 0 to SQS
	Sent task 922:sleep 0 to SQS
	Sent task 923:sleep 0 to SQS
	Sent task 924:sleep 0 to SQS
	Sent task 925:sleep 0 to SQS
	Sent task 926:sleep 0 to SQS
	Sent task 927:sleep 0 to SQS
	Sent task 928:sleep 0 to SQS
	Sent task 929:sleep 0 to SQS
	Sent task 930:sleep 0 to SQS
	Sent task 931:sleep 0 to SQS
	Sent task 932:sleep 0 to SQS
	Sent task 933:sleep 0 to SQS
	Sent task 934:sleep 0 to SQS
	Sent task 935:sleep 0 to SQS
	Sent task 936:sleep 0 to SQS
	Sent task 937:sleep 0 to SQS
	Sent task 938:sleep 0 to SQS
	Sent task 939:sleep 0 to SQS
	Sent task 940:sleep 0 to SQS
	Sent task 941:sleep 0 to SQS
	Sent task 942:sleep 0 to SQS
	Sent task 943:sleep 0 to SQS
	Sent task 944:sleep 0 to SQS
	Sent task 945:sleep 0 to SQS
	Sent task 946:sleep 0 to SQS
	Sent task 947:sleep 0 to SQS
	Sent task 948:sleep 0 to SQS
	Sent task 949:sleep 0 to SQS
	Sent task 950:sleep 0 to SQS
	Sent task 951:sleep 0 to SQS
	Sent task 952:sleep 0 to SQS
	Sent task 953:sleep 0 to SQS
	Sent task 954:sleep 0 to SQS
	Sent task 955:sleep 0 to SQS
	Sent task 956:sleep 0 to SQS
	Sent task 957:sleep 0 to SQS
	Sent task 958:sleep 0 to SQS
	Sent task 959:sleep 0 to SQS
	Sent task 960:sleep 0 to SQS
	Sent task 961:sleep 0 to SQS
	Sent task 962:sleep 0 to SQS
	Sent task 963:sleep 0 to SQS
	Sent task 964:sleep 0 to SQS
	Sent task 965:sleep 0 to SQS
	Sent task 966:sleep 0 to SQS
	Sent task 967:sleep 0 to SQS
	Sent task 968:sleep 0 to SQS
	Sent task 969:sleep 0 to SQS
	Sent task 970:sleep 0 to SQS
	Sent task 971:sleep 0 to SQS
	Sent task 972:sleep 0 to SQS
	Sent task 973:sleep 0 to SQS
	Sent task 974:sleep 0 to SQS
	Sent task 975:sleep 0 to SQS
	Sent task 976:sleep 0 to SQS
	Sent task 977:sleep 0 to SQS
	Sent task 978:sleep 0 to SQS
	Sent task 979:sleep 0 to SQS
	Sent task 980:sleep 0 to SQS
	Sent task 981:sleep 0 to SQS
	Sent task 982:sleep 0 to SQS
	Sent task 983:sleep 0 to SQS
	Sent task 984:sleep 0 to SQS
	Sent task 985:sleep 0 to SQS
	Sent task 986:sleep 0 to SQS
	Sent task 987:sleep 0 to SQS
	Sent task 988:sleep 0 to SQS
	Sent task 989:sleep 0 to SQS
	Sent task 990:sleep 0 to SQS
	Sent task 991:sleep 0 to SQS
	Sent task 992:sleep 0 to SQS
	Sent task 993:sleep 0 to SQS
	Sent task 994:sleep 0 to SQS
	Sent task 995:sleep 0 to SQS
	Sent task 996:sleep 0 to SQS
	Sent task 997:sleep 0 to SQS
	Sent task 998:sleep 0 to SQS
	Sent task 999:sleep 0 to SQS
All tasks have been sent to SQS successfully.

Retreiving results from SQS
	35|sleep 0 is done.
	9|sleep 0 is done.
	102|sleep 0 is done.
	41|sleep 0 is done.
	43|sleep 0 is done.
	52|sleep 0 is done.
	75|sleep 0 is done.
	78|sleep 0 is done.
	81|sleep 0 is done.
	84|sleep 0 is done.
	8|sleep 0 is done.
	77|sleep 0 is done.
	111|sleep 0 is done.
	34|sleep 0 is done.
	42|sleep 0 is done.
	24|sleep 0 is done.
	95|sleep 0 is done.
	107|sleep 0 is done.
	21|sleep 0 is done.
	25|sleep 0 is done.
	0|sleep 0 is done.
	16|sleep 0 is done.
	91|sleep 0 is done.
	1|sleep 0 is done.
	38|sleep 0 is done.
	63|sleep 0 is done.
	60|sleep 0 is done.
	2|sleep 0 is done.
	64|sleep 0 is done.
	70|sleep 0 is done.
	29|sleep 0 is done.
	129|sleep 0 is done.
	116|sleep 0 is done.
	3|sleep 0 is done.
	18|sleep 0 is done.
	10|sleep 0 is done.
	13|sleep 0 is done.
	31|sleep 0 is done.
	50|sleep 0 is done.
	86|sleep 0 is done.
	14|sleep 0 is done.
	26|sleep 0 is done.
	108|sleep 0 is done.
	49|sleep 0 is done.
	33|sleep 0 is done.
	48|sleep 0 is done.
	55|sleep 0 is done.
	100|sleep 0 is done.
	119|sleep 0 is done.
	137|sleep 0 is done.
	6|sleep 0 is done.
	20|sleep 0 is done.
	128|sleep 0 is done.
	147|sleep 0 is done.
	19|sleep 0 is done.
	28|sleep 0 is done.
	69|sleep 0 is done.
	82|sleep 0 is done.
	15|sleep 0 is done.
	12|sleep 0 is done.
	40|sleep 0 is done.
	57|sleep 0 is done.
	51|sleep 0 is done.
	53|sleep 0 is done.
	36|sleep 0 is done.
	80|sleep 0 is done.
	117|sleep 0 is done.
	58|sleep 0 is done.
	37|sleep 0 is done.
	7|sleep 0 is done.
	22|sleep 0 is done.
	39|sleep 0 is done.
	46|sleep 0 is done.
	59|sleep 0 is done.
	76|sleep 0 is done.
	105|sleep 0 is done.
	5|sleep 0 is done.
	27|sleep 0 is done.
	54|sleep 0 is done.
	66|sleep 0 is done.
	83|sleep 0 is done.
	85|sleep 0 is done.
	112|sleep 0 is done.
	118|sleep 0 is done.
	139|sleep 0 is done.
	61|sleep 0 is done.
	17|sleep 0 is done.
	65|sleep 0 is done.
	113|sleep 0 is done.
	11|sleep 0 is done.
	73|sleep 0 is done.
	56|sleep 0 is done.
	99|sleep 0 is done.
	115|sleep 0 is done.
	133|sleep 0 is done.
	136|sleep 0 is done.
	121|sleep 0 is done.
	145|sleep 0 is done.
	67|sleep 0 is done.
	44|sleep 0 is done.
	92|sleep 0 is done.
	97|sleep 0 is done.
	30|sleep 0 is done.
	32|sleep 0 is done.
	68|sleep 0 is done.
	94|sleep 0 is done.
	96|sleep 0 is done.
	89|sleep 0 is done.
	132|sleep 0 is done.
	141|sleep 0 is done.
	134|sleep 0 is done.
	71|sleep 0 is done.
	88|sleep 0 is done.
	98|sleep 0 is done.
	90|sleep 0 is done.
	104|sleep 0 is done.
	106|sleep 0 is done.
	93|sleep 0 is done.
	120|sleep 0 is done.
	138|sleep 0 is done.
	127|sleep 0 is done.
	23|sleep 0 is done.
	47|sleep 0 is done.
	45|sleep 0 is done.
	4|sleep 0 is done.
	79|sleep 0 is done.
	103|sleep 0 is done.
	62|sleep 0 is done.
	144|sleep 0 is done.
	125|sleep 0 is done.
	150|sleep 0 is done.
	172|sleep 0 is done.
	177|sleep 0 is done.
	123|sleep 0 is done.
	126|sleep 0 is done.
	72|sleep 0 is done.
	74|sleep 0 is done.
	87|sleep 0 is done.
	135|sleep 0 is done.
	140|sleep 0 is done.
	148|sleep 0 is done.
	157|sleep 0 is done.
	164|sleep 0 is done.
	188|sleep 0 is done.
	169|sleep 0 is done.
	171|sleep 0 is done.
	124|sleep 0 is done.
	168|sleep 0 is done.
	198|sleep 0 is done.
	182|sleep 0 is done.
	194|sleep 0 is done.
	201|sleep 0 is done.
	202|sleep 0 is done.
	130|sleep 0 is done.
	142|sleep 0 is done.
	149|sleep 0 is done.
	184|sleep 0 is done.
	200|sleep 0 is done.
	181|sleep 0 is done.
	185|sleep 0 is done.
	186|sleep 0 is done.
	189|sleep 0 is done.
	151|sleep 0 is done.
	131|sleep 0 is done.
	162|sleep 0 is done.
	170|sleep 0 is done.
	187|sleep 0 is done.
	237|sleep 0 is done.
	241|sleep 0 is done.
	238|sleep 0 is done.
	166|sleep 0 is done.
	220|sleep 0 is done.
	229|sleep 0 is done.
	235|sleep 0 is done.
	243|sleep 0 is done.
	173|sleep 0 is done.
	153|sleep 0 is done.
	179|sleep 0 is done.
	174|sleep 0 is done.
	247|sleep 0 is done.
	251|sleep 0 is done.
	175|sleep 0 is done.
	191|sleep 0 is done.
	258|sleep 0 is done.
	196|sleep 0 is done.
	262|sleep 0 is done.
	254|sleep 0 is done.
	255|sleep 0 is done.
	197|sleep 0 is done.
	273|sleep 0 is done.
	283|sleep 0 is done.
	101|sleep 0 is done.
	212|sleep 0 is done.
	208|sleep 0 is done.
	109|sleep 0 is done.
	110|sleep 0 is done.
	213|sleep 0 is done.
	114|sleep 0 is done.
	222|sleep 0 is done.
	223|sleep 0 is done.
	156|sleep 0 is done.
	228|sleep 0 is done.
	154|sleep 0 is done.
	226|sleep 0 is done.
	159|sleep 0 is done.
	122|sleep 0 is done.
	233|sleep 0 is done.
	163|sleep 0 is done.
	242|sleep 0 is done.
	245|sleep 0 is done.
	176|sleep 0 is done.
	250|sleep 0 is done.
	193|sleep 0 is done.
	297|sleep 0 is done.
	190|sleep 0 is done.
	300|sleep 0 is done.
	195|sleep 0 is done.
	203|sleep 0 is done.
	299|sleep 0 is done.
	307|sleep 0 is done.
	306|sleep 0 is done.
	207|sleep 0 is done.
	206|sleep 0 is done.
	318|sleep 0 is done.
	321|sleep 0 is done.
	325|sleep 0 is done.
	333|sleep 0 is done.
	216|sleep 0 is done.
	210|sleep 0 is done.
	219|sleep 0 is done.
	234|sleep 0 is done.
	240|sleep 0 is done.
	334|sleep 0 is done.
	225|sleep 0 is done.
	260|sleep 0 is done.
	231|sleep 0 is done.
	335|sleep 0 is done.
	239|sleep 0 is done.
	347|sleep 0 is done.
	350|sleep 0 is done.
	253|sleep 0 is done.
	358|sleep 0 is done.
	360|sleep 0 is done.
	265|sleep 0 is done.
	244|sleep 0 is done.
	269|sleep 0 is done.
	370|sleep 0 is done.
	280|sleep 0 is done.
	368|sleep 0 is done.
	373|sleep 0 is done.
	379|sleep 0 is done.
	180|sleep 0 is done.
	384|sleep 0 is done.
	211|sleep 0 is done.
	204|sleep 0 is done.
	143|sleep 0 is done.
	152|sleep 0 is done.
	155|sleep 0 is done.
	146|sleep 0 is done.
	214|sleep 0 is done.
	217|sleep 0 is done.
	227|sleep 0 is done.
	158|sleep 0 is done.
	236|sleep 0 is done.
	160|sleep 0 is done.
	246|sleep 0 is done.
	161|sleep 0 is done.
	248|sleep 0 is done.
	165|sleep 0 is done.
	224|sleep 0 is done.
	259|sleep 0 is done.
	167|sleep 0 is done.
	261|sleep 0 is done.
	178|sleep 0 is done.
	386|sleep 0 is done.
	399|sleep 0 is done.
	264|sleep 0 is done.
	407|sleep 0 is done.
	268|sleep 0 is done.
	408|sleep 0 is done.
	276|sleep 0 is done.
	305|sleep 0 is done.
	308|sleep 0 is done.
	419|sleep 0 is done.
	423|sleep 0 is done.
	319|sleep 0 is done.
	435|sleep 0 is done.
	414|sleep 0 is done.
	281|sleep 0 is done.
	309|sleep 0 is done.
	336|sleep 0 is done.
	199|sleep 0 is done.
	417|sleep 0 is done.
	439|sleep 0 is done.
	338|sleep 0 is done.
	192|sleep 0 is done.
	183|sleep 0 is done.
	205|sleep 0 is done.
	339|sleep 0 is done.
	342|sleep 0 is done.
	215|sleep 0 is done.
	356|sleep 0 is done.
	362|sleep 0 is done.
	209|sleep 0 is done.
	363|sleep 0 is done.
	221|sleep 0 is done.
	218|sleep 0 is done.
	230|sleep 0 is done.
	232|sleep 0 is done.
	365|sleep 0 is done.
	286|sleep 0 is done.
	315|sleep 0 is done.
	369|sleep 0 is done.
	317|sleep 0 is done.
	324|sleep 0 is done.
	327|sleep 0 is done.
	372|sleep 0 is done.
	292|sleep 0 is done.
	304|sleep 0 is done.
	367|sleep 0 is done.
	355|sleep 0 is done.
	341|sleep 0 is done.
	375|sleep 0 is done.
	352|sleep 0 is done.
	353|sleep 0 is done.
	252|sleep 0 is done.
	377|sleep 0 is done.
	387|sleep 0 is done.
	256|sleep 0 is done.
	389|sleep 0 is done.
	257|sleep 0 is done.
	270|sleep 0 is done.
	396|sleep 0 is done.
	400|sleep 0 is done.
	272|sleep 0 is done.
	401|sleep 0 is done.
	274|sleep 0 is done.
	277|sleep 0 is done.
	411|sleep 0 is done.
	294|sleep 0 is done.
	282|sleep 0 is done.
	285|sleep 0 is done.
	293|sleep 0 is done.
	328|sleep 0 is done.
	303|sleep 0 is done.
	332|sleep 0 is done.
	289|sleep 0 is done.
	326|sleep 0 is done.
	361|sleep 0 is done.
	343|sleep 0 is done.
	374|sleep 0 is done.
	349|sleep 0 is done.
	378|sleep 0 is done.
	348|sleep 0 is done.
	380|sleep 0 is done.
	359|sleep 0 is done.
	381|sleep 0 is done.
	390|sleep 0 is done.
	443|sleep 0 is done.
	391|sleep 0 is done.
	451|sleep 0 is done.
	395|sleep 0 is done.
	452|sleep 0 is done.
	444|sleep 0 is done.
	458|sleep 0 is done.
	463|sleep 0 is done.
	249|sleep 0 is done.
	459|sleep 0 is done.
	263|sleep 0 is done.
	532|sleep 0 is done.
	465|sleep 0 is done.
	398|sleep 0 is done.
	415|sleep 0 is done.
	275|sleep 0 is done.
	278|sleep 0 is done.
	267|sleep 0 is done.
	562|sleep 0 is done.
	284|sleep 0 is done.
	427|sleep 0 is done.
	428|sleep 0 is done.
	424|sleep 0 is done.
	291|sleep 0 is done.
	295|sleep 0 is done.
	302|sleep 0 is done.
	429|sleep 0 is done.
	434|sleep 0 is done.
	457|sleep 0 is done.
	467|sleep 0 is done.
	470|sleep 0 is done.
	474|sleep 0 is done.
	266|sleep 0 is done.
	271|sleep 0 is done.
	287|sleep 0 is done.
	279|sleep 0 is done.
	479|sleep 0 is done.
	296|sleep 0 is done.
	290|sleep 0 is done.
	301|sleep 0 is done.
	298|sleep 0 is done.
	320|sleep 0 is done.
	288|sleep 0 is done.
	511|sleep 0 is done.
	501|sleep 0 is done.
	521|sleep 0 is done.
	483|sleep 0 is done.
	522|sleep 0 is done.
	524|sleep 0 is done.
	543|sleep 0 is done.
	530|sleep 0 is done.
	560|sleep 0 is done.
	563|sleep 0 is done.
	311|sleep 0 is done.
	312|sleep 0 is done.
	313|sleep 0 is done.
	314|sleep 0 is done.
	316|sleep 0 is done.
	322|sleep 0 is done.
	337|sleep 0 is done.
	345|sleep 0 is done.
	329|sleep 0 is done.
	357|sleep 0 is done.
	425|sleep 0 is done.
	431|sleep 0 is done.
	437|sleep 0 is done.
	436|sleep 0 is done.
	446|sleep 0 is done.
	449|sleep 0 is done.
	441|sleep 0 is done.
	461|sleep 0 is done.
	469|sleep 0 is done.
	471|sleep 0 is done.
	330|sleep 0 is done.
	323|sleep 0 is done.
	331|sleep 0 is done.
	340|sleep 0 is done.
	344|sleep 0 is done.
	346|sleep 0 is done.
	351|sleep 0 is done.
	354|sleep 0 is done.
	364|sleep 0 is done.
	366|sleep 0 is done.
	371|sleep 0 is done.
	382|sleep 0 is done.
	376|sleep 0 is done.
	385|sleep 0 is done.
	388|sleep 0 is done.
	392|sleep 0 is done.
	310|sleep 0 is done.
	383|sleep 0 is done.
	422|sleep 0 is done.
	430|sleep 0 is done.
	433|sleep 0 is done.
	438|sleep 0 is done.
	447|sleep 0 is done.
	448|sleep 0 is done.
	453|sleep 0 is done.
	460|sleep 0 is done.
	456|sleep 0 is done.
	564|sleep 0 is done.
	600|sleep 0 is done.
	592|sleep 0 is done.
	393|sleep 0 is done.
	579|sleep 0 is done.
	605|sleep 0 is done.
	625|sleep 0 is done.
	404|sleep 0 is done.
	405|sleep 0 is done.
	406|sleep 0 is done.
	468|sleep 0 is done.
	476|sleep 0 is done.
	485|sleep 0 is done.
	496|sleep 0 is done.
	492|sleep 0 is done.
	628|sleep 0 is done.
	497|sleep 0 is done.
	541|sleep 0 is done.
	540|sleep 0 is done.
	499|sleep 0 is done.
	466|sleep 0 is done.
	626|sleep 0 is done.
	633|sleep 0 is done.
	703|sleep 0 is done.
	638|sleep 0 is done.
	510|sleep 0 is done.
	506|sleep 0 is done.
	526|sleep 0 is done.
	514|sleep 0 is done.
	520|sleep 0 is done.
	575|sleep 0 is done.
	691|sleep 0 is done.
	551|sleep 0 is done.
	548|sleep 0 is done.
	568|sleep 0 is done.
	504|sleep 0 is done.
	523|sleep 0 is done.
	656|sleep 0 is done.
	529|sleep 0 is done.
	621|sleep 0 is done.
	545|sleep 0 is done.
	576|sleep 0 is done.
	555|sleep 0 is done.
	586|sleep 0 is done.
	570|sleep 0 is done.
	394|sleep 0 is done.
	397|sleep 0 is done.
	402|sleep 0 is done.
	403|sleep 0 is done.
	412|sleep 0 is done.
	416|sleep 0 is done.
	418|sleep 0 is done.
	591|sleep 0 is done.
	473|sleep 0 is done.
	477|sleep 0 is done.
	487|sleep 0 is done.
	500|sleep 0 is done.
	481|sleep 0 is done.
	566|sleep 0 is done.
	706|sleep 0 is done.
	495|sleep 0 is done.
	454|sleep 0 is done.
	450|sleep 0 is done.
	455|sleep 0 is done.
	488|sleep 0 is done.
	490|sleep 0 is done.
	491|sleep 0 is done.
	508|sleep 0 is done.
	505|sleep 0 is done.
	507|sleep 0 is done.
	509|sleep 0 is done.
	517|sleep 0 is done.
	528|sleep 0 is done.
	533|sleep 0 is done.
	535|sleep 0 is done.
	542|sleep 0 is done.
	552|sleep 0 is done.
	617|sleep 0 is done.
	646|sleep 0 is done.
	556|sleep 0 is done.
	753|sleep 0 is done.
	733|sleep 0 is done.
	650|sleep 0 is done.
	723|sleep 0 is done.
	666|sleep 0 is done.
	761|sleep 0 is done.
	667|sleep 0 is done.
	676|sleep 0 is done.
	668|sleep 0 is done.
	747|sleep 0 is done.
	671|sleep 0 is done.
	673|sleep 0 is done.
	674|sleep 0 is done.
	680|sleep 0 is done.
	696|sleep 0 is done.
	782|sleep 0 is done.
	934|sleep 0 is done.
	683|sleep 0 is done.
	742|sleep 0 is done.
	709|sleep 0 is done.
	777|sleep 0 is done.
	478|sleep 0 is done.
	590|sleep 0 is done.
	484|sleep 0 is done.
	486|sleep 0 is done.
	480|sleep 0 is done.
	534|sleep 0 is done.
	589|sleep 0 is done.
	494|sleep 0 is done.
	498|sleep 0 is done.
	573|sleep 0 is done.
	512|sleep 0 is done.
	503|sleep 0 is done.
	515|sleep 0 is done.
	597|sleep 0 is done.
	536|sleep 0 is done.
	539|sleep 0 is done.
	525|sleep 0 is done.
	739|sleep 0 is done.
	684|sleep 0 is done.
	578|sleep 0 is done.
	557|sleep 0 is done.
	660|sleep 0 is done.
	561|sleep 0 is done.
	577|sleep 0 is done.
	565|sleep 0 is done.
	607|sleep 0 is done.
	567|sleep 0 is done.
	569|sleep 0 is done.
	623|sleep 0 is done.
	602|sleep 0 is done.
	544|sleep 0 is done.
	664|sleep 0 is done.
	640|sleep 0 is done.
	571|sleep 0 is done.
	558|sleep 0 is done.
	572|sleep 0 is done.
	580|sleep 0 is done.
	582|sleep 0 is done.
	559|sleep 0 is done.
	550|sleep 0 is done.
	574|sleep 0 is done.
	718|sleep 0 is done.
	553|sleep 0 is done.
	583|sleep 0 is done.
	648|sleep 0 is done.
	654|sleep 0 is done.
	624|sleep 0 is done.
	618|sleep 0 is done.
	611|sleep 0 is done.
	593|sleep 0 is done.
	619|sleep 0 is done.
	897|sleep 0 is done.
	620|sleep 0 is done.
	627|sleep 0 is done.
	884|sleep 0 is done.
	643|sleep 0 is done.
	642|sleep 0 is done.
	647|sleep 0 is done.
	678|sleep 0 is done.
	653|sleep 0 is done.
	795|sleep 0 is done.
	724|sleep 0 is done.
	726|sleep 0 is done.
	831|sleep 0 is done.
	790|sleep 0 is done.
	781|sleep 0 is done.
	810|sleep 0 is done.
	767|sleep 0 is done.
	837|sleep 0 is done.
	798|sleep 0 is done.
	610|sleep 0 is done.
	614|sleep 0 is done.
	608|sleep 0 is done.
	615|sleep 0 is done.
	689|sleep 0 is done.
	613|sleep 0 is done.
	645|sleep 0 is done.
	661|sleep 0 is done.
	651|sleep 0 is done.
	599|sleep 0 is done.
	745|sleep 0 is done.
	887|sleep 0 is done.
	635|sleep 0 is done.
	584|sleep 0 is done.
	686|sleep 0 is done.
	601|sleep 0 is done.
	604|sleep 0 is done.
	596|sleep 0 is done.
	738|sleep 0 is done.
	603|sleep 0 is done.
	784|sleep 0 is done.
	997|sleep 0 is done.
	789|sleep 0 is done.
	801|sleep 0 is done.
	799|sleep 0 is done.
	835|sleep 0 is done.
	964|sleep 0 is done.
	815|sleep 0 is done.
	804|sleep 0 is done.
	816|sleep 0 is done.
	630|sleep 0 is done.
	609|sleep 0 is done.
	757|sleep 0 is done.
	639|sleep 0 is done.
	701|sleep 0 is done.
	644|sleep 0 is done.
	750|sleep 0 is done.
	694|sleep 0 is done.
	675|sleep 0 is done.
	702|sleep 0 is done.
	672|sleep 0 is done.
	687|sleep 0 is done.
	850|sleep 0 is done.
	788|sleep 0 is done.
	712|sleep 0 is done.
	714|sleep 0 is done.
	690|sleep 0 is done.
	698|sleep 0 is done.
	772|sleep 0 is done.
	888|sleep 0 is done.
	755|sleep 0 is done.
	725|sleep 0 is done.
	727|sleep 0 is done.
	765|sleep 0 is done.
	768|sleep 0 is done.
	793|sleep 0 is done.
	766|sleep 0 is done.
	787|sleep 0 is done.
	805|sleep 0 is done.
	817|sleep 0 is done.
	806|sleep 0 is done.
	877|sleep 0 is done.
	827|sleep 0 is done.
	836|sleep 0 is done.
	838|sleep 0 is done.
	808|sleep 0 is done.
	829|sleep 0 is done.
	859|sleep 0 is done.
	864|sleep 0 is done.
	917|sleep 0 is done.
	426|sleep 0 is done.
	409|sleep 0 is done.
	410|sleep 0 is done.
	489|sleep 0 is done.
	493|sleep 0 is done.
	413|sleep 0 is done.
	420|sleep 0 is done.
	464|sleep 0 is done.
	549|sleep 0 is done.
	462|sleep 0 is done.
	421|sleep 0 is done.
	432|sleep 0 is done.
	440|sleep 0 is done.
	629|sleep 0 is done.
	688|sleep 0 is done.
	657|sleep 0 is done.
	807|sleep 0 is done.
	655|sleep 0 is done.
	976|sleep 0 is done.
	760|sleep 0 is done.
	783|sleep 0 is done.
	872|sleep 0 is done.
	900|sleep 0 is done.
	869|sleep 0 is done.
	894|sleep 0 is done.
	873|sleep 0 is done.
	995|sleep 0 is done.
	907|sleep 0 is done.
	924|sleep 0 is done.
	938|sleep 0 is done.
	982|sleep 0 is done.
	910|sleep 0 is done.
	933|sleep 0 is done.
	923|sleep 0 is done.
	926|sleep 0 is done.
	945|sleep 0 is done.
	959|sleep 0 is done.
	966|sleep 0 is done.
	967|sleep 0 is done.
	990|sleep 0 is done.
	868|sleep 0 is done.
	821|sleep 0 is done.
	854|sleep 0 is done.
	822|sleep 0 is done.
	898|sleep 0 is done.
	865|sleep 0 is done.
	871|sleep 0 is done.
	892|sleep 0 is done.
	916|sleep 0 is done.
	913|sleep 0 is done.
	980|sleep 0 is done.
	992|sleep 0 is done.
	802|sleep 0 is done.
	695|sleep 0 is done.
	721|sleep 0 is done.
	955|sleep 0 is done.
	722|sleep 0 is done.
	715|sleep 0 is done.
	737|sleep 0 is done.
	748|sleep 0 is done.
	770|sleep 0 is done.
	442|sleep 0 is done.
	730|sleep 0 is done.
	546|sleep 0 is done.
	445|sleep 0 is done.
	472|sleep 0 is done.
	475|sleep 0 is done.
	581|sleep 0 is done.
	531|sleep 0 is done.
	482|sleep 0 is done.
	554|sleep 0 is done.
	516|sleep 0 is done.
	740|sleep 0 is done.
	741|sleep 0 is done.
	968|sleep 0 is done.
	749|sleep 0 is done.
	744|sleep 0 is done.
	762|sleep 0 is done.
	775|sleep 0 is done.
	758|sleep 0 is done.
	820|sleep 0 is done.
	958|sleep 0 is done.
	994|sleep 0 is done.
	922|sleep 0 is done.
	914|sleep 0 is done.
	903|sleep 0 is done.
	985|sleep 0 is done.
	941|sleep 0 is done.
	963|sleep 0 is done.
	960|sleep 0 is done.
	971|sleep 0 is done.
	986|sleep 0 is done.
	631|sleep 0 is done.
	598|sleep 0 is done.
	928|sleep 0 is done.
	636|sleep 0 is done.
	711|sleep 0 is done.
	588|sleep 0 is done.
	692|sleep 0 is done.
	682|sleep 0 is done.
	641|sleep 0 is done.
	659|sleep 0 is done.
	699|sleep 0 is done.
	720|sleep 0 is done.
	669|sleep 0 is done.
	797|sleep 0 is done.
	700|sleep 0 is done.
	754|sleep 0 is done.
	736|sleep 0 is done.
	839|sleep 0 is done.
	729|sleep 0 is done.
	819|sleep 0 is done.
	663|sleep 0 is done.
	679|sleep 0 is done.
	697|sleep 0 is done.
	731|sleep 0 is done.
	704|sleep 0 is done.
	735|sleep 0 is done.
	734|sleep 0 is done.
	743|sleep 0 is done.
	685|sleep 0 is done.
	852|sleep 0 is done.
	759|sleep 0 is done.
	763|sleep 0 is done.
	875|sleep 0 is done.
	983|sleep 0 is done.
	999|sleep 0 is done.
	818|sleep 0 is done.
	786|sleep 0 is done.
	828|sleep 0 is done.
	812|sleep 0 is done.
	830|sleep 0 is done.
	803|sleep 0 is done.
	891|sleep 0 is done.
	880|sleep 0 is done.
	792|sleep 0 is done.
	811|sleep 0 is done.
	845|sleep 0 is done.
	832|sleep 0 is done.
	879|sleep 0 is done.
	878|sleep 0 is done.
	863|sleep 0 is done.
	853|sleep 0 is done.
	834|sleep 0 is done.
	979|sleep 0 is done.
	833|sleep 0 is done.
	972|sleep 0 is done.
	881|sleep 0 is done.
	855|sleep 0 is done.
	876|sleep 0 is done.
	953|sleep 0 is done.
	904|sleep 0 is done.
	943|sleep 0 is done.
	935|sleep 0 is done.
	708|sleep 0 is done.
	732|sleep 0 is done.
	756|sleep 0 is done.
	728|sleep 0 is done.
	849|sleep 0 is done.
	751|sleep 0 is done.
	842|sleep 0 is done.
	791|sleep 0 is done.
	848|sleep 0 is done.
	882|sleep 0 is done.
	779|sleep 0 is done.
	841|sleep 0 is done.
	886|sleep 0 is done.
	929|sleep 0 is done.
	911|sleep 0 is done.
	902|sleep 0 is done.
	774|sleep 0 is done.
	764|sleep 0 is done.
	847|sleep 0 is done.
	932|sleep 0 is done.
	909|sleep 0 is done.
	776|sleep 0 is done.
	944|sleep 0 is done.
	771|sleep 0 is done.
	843|sleep 0 is done.
	826|sleep 0 is done.
	778|sleep 0 is done.
	856|sleep 0 is done.
	813|sleep 0 is done.
	857|sleep 0 is done.
	518|sleep 0 is done.
	502|sleep 0 is done.
	513|sleep 0 is done.
	537|sleep 0 is done.
	527|sleep 0 is done.
	547|sleep 0 is done.
	519|sleep 0 is done.
	606|sleep 0 is done.
	616|sleep 0 is done.
	705|sleep 0 is done.
	844|sleep 0 is done.
	866|sleep 0 is done.
	858|sleep 0 is done.
	905|sleep 0 is done.
	895|sleep 0 is done.
	862|sleep 0 is done.
	936|sleep 0 is done.
	861|sleep 0 is done.
	874|sleep 0 is done.
	883|sleep 0 is done.
	919|sleep 0 is done.
	970|sleep 0 is done.
	956|sleep 0 is done.
	899|sleep 0 is done.
	948|sleep 0 is done.
	912|sleep 0 is done.
	942|sleep 0 is done.
	954|sleep 0 is done.
	965|sleep 0 is done.
	893|sleep 0 is done.
	927|sleep 0 is done.
	896|sleep 0 is done.
	930|sleep 0 is done.
	984|sleep 0 is done.
	940|sleep 0 is done.
	974|sleep 0 is done.
	946|sleep 0 is done.
	978|sleep 0 is done.
	950|sleep 0 is done.
	969|sleep 0 is done.
	957|sleep 0 is done.
	961|sleep 0 is done.
	973|sleep 0 is done.
	988|sleep 0 is done.
	996|sleep 0 is done.
	989|sleep 0 is done.
	587|sleep 0 is done.
	634|sleep 0 is done.
	538|sleep 0 is done.
	632|sleep 0 is done.
	665|sleep 0 is done.
	585|sleep 0 is done.
	594|sleep 0 is done.
	658|sleep 0 is done.
	595|sleep 0 is done.
	612|sleep 0 is done.
	987|sleep 0 is done.
	649|sleep 0 is done.
	998|sleep 0 is done.
	710|sleep 0 is done.
	890|sleep 0 is done.
	652|sleep 0 is done.
	622|sleep 0 is done.
	707|sleep 0 is done.
	677|sleep 0 is done.
	637|sleep 0 is done.
	662|sleep 0 is done.
	975|sleep 0 is done.
	693|sleep 0 is done.
	991|sleep 0 is done.
	681|sleep 0 is done.
	981|sleep 0 is done.
	670|sleep 0 is done.
	717|sleep 0 is done.
	746|sleep 0 is done.
	794|sleep 0 is done.
	939|sleep 0 is done.
	918|sleep 0 is done.
	800|sleep 0 is done.
	785|sleep 0 is done.
	719|sleep 0 is done.
	713|sleep 0 is done.
	769|sleep 0 is done.
	716|sleep 0 is done.
	809|sleep 0 is done.
	773|sleep 0 is done.
	752|sleep 0 is done.
	870|sleep 0 is done.
	780|sleep 0 is done.
	825|sleep 0 is done.
	824|sleep 0 is done.
	814|sleep 0 is done.
	840|sleep 0 is done.
	796|sleep 0 is done.
	823|sleep 0 is done.
	937|sleep 0 is done.
	846|sleep 0 is done.
	867|sleep 0 is done.
	931|sleep 0 is done.
	906|sleep 0 is done.
	851|sleep 0 is done.
	860|sleep 0 is done.
	885|sleep 0 is done.
	947|sleep 0 is done.
	952|sleep 0 is done.
	889|sleep 0 is done.
	901|sleep 0 is done.
	915|sleep 0 is done.
	920|sleep 0 is done.
	908|sleep 0 is done.
	921|sleep 0 is done.
	925|sleep 0 is done.
	993|sleep 0 is done.
	977|sleep 0 is done.
	951|sleep 0 is done.
	949|sleep 0 is done.
	962|sleep 0 is done.
All results have been retreived from SQS.

Elapsed: 136320.371151 ms
